Determining if the pthread_create exist failed with the following output:
Change Dir: /home/mahdi/mrc_icra_ws/build/iiwa_zimmer_moveit_config/CMakeFiles/CMakeTmp

Run Build Command:"/usr/bin/make" "cmTC_d1310/fast"
/usr/bin/make -f CMakeFiles/cmTC_d1310.dir/build.make CMakeFiles/cmTC_d1310.dir/build
make[1]: Entering directory '/home/mahdi/mrc_icra_ws/build/iiwa_zimmer_moveit_config/CMakeFiles/CMakeTmp'
Building C object CMakeFiles/cmTC_d1310.dir/CheckSymbolExists.c.o
/usr/bin/cc    -o CMakeFiles/cmTC_d1310.dir/CheckSymbolExists.c.o   -c /home/mahdi/mrc_icra_ws/build/iiwa_zimmer_moveit_config/CMakeFiles/CMakeTmp/CheckSymbolExists.c
Linking C executable cmTC_d1310
/usr/bin/cmake -E cmake_link_script CMakeFiles/cmTC_d1310.dir/link.txt --verbose=1
/usr/bin/cc      -rdynamic CMakeFiles/cmTC_d1310.dir/CheckSymbolExists.c.o  -o cmTC_d1310 
CMakeFiles/cmTC_d1310.dir/CheckSymbolExists.c.o: In function `main':
CheckSymbolExists.c:(.text+0x1b): undefined reference to `pthread_create'
collect2: error: ld returned 1 exit status
CMakeFiles/cmTC_d1310.dir/build.make:97: recipe for target 'cmTC_d1310' failed
make[1]: *** [cmTC_d1310] Error 1
make[1]: Leaving directory '/home/mahdi/mrc_icra_ws/build/iiwa_zimmer_moveit_config/CMakeFiles/CMakeTmp'
Makefile:126: recipe for target 'cmTC_d1310/fast' failed
make: *** [cmTC_d1310/fast] Error 2

File /home/mahdi/mrc_icra_ws/build/iiwa_zimmer_moveit_config/CMakeFiles/CMakeTmp/CheckSymbolExists.c:
/* */
#include <pthread.h>

int main(int argc, char** argv)
{
  (void)argv;
#ifndef pthread_create
  return ((int*)(&pthread_create))[argc];
#else
  (void)argc;
  return 0;
#endif
}

Determining if the function pthread_create exists in the pthreads failed with the following output:
Change Dir: /home/mahdi/mrc_icra_ws/build/iiwa_zimmer_moveit_config/CMakeFiles/CMakeTmp

Run Build Command:"/usr/bin/make" "cmTC_678d3/fast"
/usr/bin/make -f CMakeFiles/cmTC_678d3.dir/build.make CMakeFiles/cmTC_678d3.dir/build
make[1]: Entering directory '/home/mahdi/mrc_icra_ws/build/iiwa_zimmer_moveit_config/CMakeFiles/CMakeTmp'
Building C object CMakeFiles/cmTC_678d3.dir/CheckFunctionExists.c.o
/usr/bin/cc   -DCHECK_FUNCTION_EXISTS=pthread_create   -o CMakeFiles/cmTC_678d3.dir/CheckFunctionExists.c.o   -c /usr/share/cmake-3.10/Modules/CheckFunctionExists.c
Linking C executable cmTC_678d3
/usr/bin/cmake -E cmake_link_script CMakeFiles/cmTC_678d3.dir/link.txt --verbose=1
/usr/bin/cc  -DCHECK_FUNCTION_EXISTS=pthread_create    -rdynamic CMakeFiles/cmTC_678d3.dir/CheckFunctionExists.c.o  -o cmTC_678d3 -lpthreads 
/usr/bin/ld: cannot find -lpthreads
collect2: error: ld returned 1 exit status
CMakeFiles/cmTC_678d3.dir/build.make:97: recipe for target 'cmTC_678d3' failed
make[1]: *** [cmTC_678d3] Error 1
make[1]: Leaving directory '/home/mahdi/mrc_icra_ws/build/iiwa_zimmer_moveit_config/CMakeFiles/CMakeTmp'
Makefile:126: recipe for target 'cmTC_678d3/fast' failed
make: *** [cmTC_678d3/fast] Error 2


