Determining if the pthread_create exist failed with the following output:
Change Dir: /home/mahdi/mrc_icra_ws/build/iiwa_msgs/CMakeFiles/CMakeTmp

Run Build Command:"/usr/bin/make" "cmTC_ebeb7/fast"
/usr/bin/make -f CMakeFiles/cmTC_ebeb7.dir/build.make CMakeFiles/cmTC_ebeb7.dir/build
make[1]: Entering directory '/home/mahdi/mrc_icra_ws/build/iiwa_msgs/CMakeFiles/CMakeTmp'
Building C object CMakeFiles/cmTC_ebeb7.dir/CheckSymbolExists.c.o
/usr/bin/cc    -o CMakeFiles/cmTC_ebeb7.dir/CheckSymbolExists.c.o   -c /home/mahdi/mrc_icra_ws/build/iiwa_msgs/CMakeFiles/CMakeTmp/CheckSymbolExists.c
Linking C executable cmTC_ebeb7
/usr/bin/cmake -E cmake_link_script CMakeFiles/cmTC_ebeb7.dir/link.txt --verbose=1
/usr/bin/cc      -rdynamic CMakeFiles/cmTC_ebeb7.dir/CheckSymbolExists.c.o  -o cmTC_ebeb7 
CMakeFiles/cmTC_ebeb7.dir/CheckSymbolExists.c.o: In function `main':
CheckSymbolExists.c:(.text+0x1b): undefined reference to `pthread_create'
collect2: error: ld returned 1 exit status
CMakeFiles/cmTC_ebeb7.dir/build.make:97: recipe for target 'cmTC_ebeb7' failed
make[1]: *** [cmTC_ebeb7] Error 1
make[1]: Leaving directory '/home/mahdi/mrc_icra_ws/build/iiwa_msgs/CMakeFiles/CMakeTmp'
Makefile:126: recipe for target 'cmTC_ebeb7/fast' failed
make: *** [cmTC_ebeb7/fast] Error 2

File /home/mahdi/mrc_icra_ws/build/iiwa_msgs/CMakeFiles/CMakeTmp/CheckSymbolExists.c:
/* */
#include <pthread.h>

int main(int argc, char** argv)
{
  (void)argv;
#ifndef pthread_create
  return ((int*)(&pthread_create))[argc];
#else
  (void)argc;
  return 0;
#endif
}

Determining if the function pthread_create exists in the pthreads failed with the following output:
Change Dir: /home/mahdi/mrc_icra_ws/build/iiwa_msgs/CMakeFiles/CMakeTmp

Run Build Command:"/usr/bin/make" "cmTC_db490/fast"
/usr/bin/make -f CMakeFiles/cmTC_db490.dir/build.make CMakeFiles/cmTC_db490.dir/build
make[1]: Entering directory '/home/mahdi/mrc_icra_ws/build/iiwa_msgs/CMakeFiles/CMakeTmp'
Building C object CMakeFiles/cmTC_db490.dir/CheckFunctionExists.c.o
/usr/bin/cc   -DCHECK_FUNCTION_EXISTS=pthread_create   -o CMakeFiles/cmTC_db490.dir/CheckFunctionExists.c.o   -c /usr/share/cmake-3.10/Modules/CheckFunctionExists.c
Linking C executable cmTC_db490
/usr/bin/cmake -E cmake_link_script CMakeFiles/cmTC_db490.dir/link.txt --verbose=1
/usr/bin/cc  -DCHECK_FUNCTION_EXISTS=pthread_create    -rdynamic CMakeFiles/cmTC_db490.dir/CheckFunctionExists.c.o  -o cmTC_db490 -lpthreads 
/usr/bin/ld: cannot find -lpthreads
collect2: error: ld returned 1 exit status
CMakeFiles/cmTC_db490.dir/build.make:97: recipe for target 'cmTC_db490' failed
make[1]: *** [cmTC_db490] Error 1
make[1]: Leaving directory '/home/mahdi/mrc_icra_ws/build/iiwa_msgs/CMakeFiles/CMakeTmp'
Makefile:126: recipe for target 'cmTC_db490/fast' failed
make: *** [cmTC_db490/fast] Error 2


