Determining if the pthread_create exist failed with the following output:
Change Dir: /home/mahdi/mrc_icra_ws/build/robotiq_2f_gripper_action_server/CMakeFiles/CMakeTmp

Run Build Command:"/usr/bin/make" "cmTC_3348c/fast"
/usr/bin/make -f CMakeFiles/cmTC_3348c.dir/build.make CMakeFiles/cmTC_3348c.dir/build
make[1]: Entering directory '/home/mahdi/mrc_icra_ws/build/robotiq_2f_gripper_action_server/CMakeFiles/CMakeTmp'
Building C object CMakeFiles/cmTC_3348c.dir/CheckSymbolExists.c.o
/usr/bin/cc    -o CMakeFiles/cmTC_3348c.dir/CheckSymbolExists.c.o   -c /home/mahdi/mrc_icra_ws/build/robotiq_2f_gripper_action_server/CMakeFiles/CMakeTmp/CheckSymbolExists.c
Linking C executable cmTC_3348c
/usr/bin/cmake -E cmake_link_script CMakeFiles/cmTC_3348c.dir/link.txt --verbose=1
/usr/bin/cc      -rdynamic CMakeFiles/cmTC_3348c.dir/CheckSymbolExists.c.o  -o cmTC_3348c 
CMakeFiles/cmTC_3348c.dir/CheckSymbolExists.c.o: In function `main':
CheckSymbolExists.c:(.text+0x1b): undefined reference to `pthread_create'
collect2: error: ld returned 1 exit status
CMakeFiles/cmTC_3348c.dir/build.make:97: recipe for target 'cmTC_3348c' failed
make[1]: *** [cmTC_3348c] Error 1
make[1]: Leaving directory '/home/mahdi/mrc_icra_ws/build/robotiq_2f_gripper_action_server/CMakeFiles/CMakeTmp'
Makefile:126: recipe for target 'cmTC_3348c/fast' failed
make: *** [cmTC_3348c/fast] Error 2

File /home/mahdi/mrc_icra_ws/build/robotiq_2f_gripper_action_server/CMakeFiles/CMakeTmp/CheckSymbolExists.c:
/* */
#include <pthread.h>

int main(int argc, char** argv)
{
  (void)argv;
#ifndef pthread_create
  return ((int*)(&pthread_create))[argc];
#else
  (void)argc;
  return 0;
#endif
}

Determining if the function pthread_create exists in the pthreads failed with the following output:
Change Dir: /home/mahdi/mrc_icra_ws/build/robotiq_2f_gripper_action_server/CMakeFiles/CMakeTmp

Run Build Command:"/usr/bin/make" "cmTC_dafba/fast"
/usr/bin/make -f CMakeFiles/cmTC_dafba.dir/build.make CMakeFiles/cmTC_dafba.dir/build
make[1]: Entering directory '/home/mahdi/mrc_icra_ws/build/robotiq_2f_gripper_action_server/CMakeFiles/CMakeTmp'
Building C object CMakeFiles/cmTC_dafba.dir/CheckFunctionExists.c.o
/usr/bin/cc   -DCHECK_FUNCTION_EXISTS=pthread_create   -o CMakeFiles/cmTC_dafba.dir/CheckFunctionExists.c.o   -c /usr/share/cmake-3.10/Modules/CheckFunctionExists.c
Linking C executable cmTC_dafba
/usr/bin/cmake -E cmake_link_script CMakeFiles/cmTC_dafba.dir/link.txt --verbose=1
/usr/bin/cc  -DCHECK_FUNCTION_EXISTS=pthread_create    -rdynamic CMakeFiles/cmTC_dafba.dir/CheckFunctionExists.c.o  -o cmTC_dafba -lpthreads 
/usr/bin/ld: cannot find -lpthreads
collect2: error: ld returned 1 exit status
CMakeFiles/cmTC_dafba.dir/build.make:97: recipe for target 'cmTC_dafba' failed
make[1]: *** [cmTC_dafba] Error 1
make[1]: Leaving directory '/home/mahdi/mrc_icra_ws/build/robotiq_2f_gripper_action_server/CMakeFiles/CMakeTmp'
Makefile:126: recipe for target 'cmTC_dafba/fast' failed
make: *** [cmTC_dafba/fast] Error 2


