Linked: (/home/mahdi/mrc_icra_ws/devel/.private/iiwa_msgs/lib/python2.7/dist-packages/iiwa_msgs/__init__.py, /home/mahdi/mrc_icra_ws/devel/lib/python2.7/dist-packages/iiwa_msgs/__init__.py)
Linked: (/home/mahdi/mrc_icra_ws/devel/.private/iiwa_msgs/lib/python2.7/dist-packages/iiwa_msgs/srv/_SetWorkpiece.py, /home/mahdi/mrc_icra_ws/devel/lib/python2.7/dist-packages/iiwa_msgs/srv/_SetWorkpiece.py)
Linked: (/home/mahdi/mrc_icra_ws/devel/.private/iiwa_msgs/lib/python2.7/dist-packages/iiwa_msgs/srv/_SetEndpointFrame.py, /home/mahdi/mrc_icra_ws/devel/lib/python2.7/dist-packages/iiwa_msgs/srv/_SetEndpointFrame.py)
Linked: (/home/mahdi/mrc_icra_ws/devel/.private/iiwa_msgs/lib/python2.7/dist-packages/iiwa_msgs/srv/_SetSmartServoJointSpeedLimits.py, /home/mahdi/mrc_icra_ws/devel/lib/python2.7/dist-packages/iiwa_msgs/srv/_SetSmartServoJointSpeedLimits.py)
Linked: (/home/mahdi/mrc_icra_ws/devel/.private/iiwa_msgs/lib/python2.7/dist-packages/iiwa_msgs/srv/_SetSmartServoLinSpeedLimits.py, /home/mahdi/mrc_icra_ws/devel/lib/python2.7/dist-packages/iiwa_msgs/srv/_SetSmartServoLinSpeedLimits.py)
Linked: (/home/mahdi/mrc_icra_ws/devel/.private/iiwa_msgs/lib/python2.7/dist-packages/iiwa_msgs/srv/_SetPTPCartesianSpeedLimits.py, /home/mahdi/mrc_icra_ws/devel/lib/python2.7/dist-packages/iiwa_msgs/srv/_SetPTPCartesianSpeedLimits.py)
Linked: (/home/mahdi/mrc_icra_ws/devel/.private/iiwa_msgs/lib/python2.7/dist-packages/iiwa_msgs/srv/_ConfigureControlMode.py, /home/mahdi/mrc_icra_ws/devel/lib/python2.7/dist-packages/iiwa_msgs/srv/_ConfigureControlMode.py)
Linked: (/home/mahdi/mrc_icra_ws/devel/.private/iiwa_msgs/lib/python2.7/dist-packages/iiwa_msgs/srv/_SetPTPJointSpeedLimits.py, /home/mahdi/mrc_icra_ws/devel/lib/python2.7/dist-packages/iiwa_msgs/srv/_SetPTPJointSpeedLimits.py)
Linked: (/home/mahdi/mrc_icra_ws/devel/.private/iiwa_msgs/lib/python2.7/dist-packages/iiwa_msgs/srv/_TimeToDestination.py, /home/mahdi/mrc_icra_ws/devel/lib/python2.7/dist-packages/iiwa_msgs/srv/_TimeToDestination.py)
Linked: (/home/mahdi/mrc_icra_ws/devel/.private/iiwa_msgs/lib/python2.7/dist-packages/iiwa_msgs/srv/_SetSpeedOverride.py, /home/mahdi/mrc_icra_ws/devel/lib/python2.7/dist-packages/iiwa_msgs/srv/_SetSpeedOverride.py)
Linked: (/home/mahdi/mrc_icra_ws/devel/.private/iiwa_msgs/lib/python2.7/dist-packages/iiwa_msgs/srv/__init__.py, /home/mahdi/mrc_icra_ws/devel/lib/python2.7/dist-packages/iiwa_msgs/srv/__init__.py)
Linked: (/home/mahdi/mrc_icra_ws/devel/.private/iiwa_msgs/lib/python2.7/dist-packages/iiwa_msgs/msg/_CartesianQuantity.py, /home/mahdi/mrc_icra_ws/devel/lib/python2.7/dist-packages/iiwa_msgs/msg/_CartesianQuantity.py)
Linked: (/home/mahdi/mrc_icra_ws/devel/.private/iiwa_msgs/lib/python2.7/dist-packages/iiwa_msgs/msg/_MoveToJointPositionAction.py, /home/mahdi/mrc_icra_ws/devel/lib/python2.7/dist-packages/iiwa_msgs/msg/_MoveToJointPositionAction.py)
Linked: (/home/mahdi/mrc_icra_ws/devel/.private/iiwa_msgs/lib/python2.7/dist-packages/iiwa_msgs/msg/_DOF.py, /home/mahdi/mrc_icra_ws/devel/lib/python2.7/dist-packages/iiwa_msgs/msg/_DOF.py)
Linked: (/home/mahdi/mrc_icra_ws/devel/.private/iiwa_msgs/lib/python2.7/dist-packages/iiwa_msgs/msg/_JointVelocity.py, /home/mahdi/mrc_icra_ws/devel/lib/python2.7/dist-packages/iiwa_msgs/msg/_JointVelocity.py)
Linked: (/home/mahdi/mrc_icra_ws/devel/.private/iiwa_msgs/lib/python2.7/dist-packages/iiwa_msgs/msg/_JointImpedanceControlMode.py, /home/mahdi/mrc_icra_ws/devel/lib/python2.7/dist-packages/iiwa_msgs/msg/_JointImpedanceControlMode.py)
Linked: (/home/mahdi/mrc_icra_ws/devel/.private/iiwa_msgs/lib/python2.7/dist-packages/iiwa_msgs/msg/_MoveAlongSplineActionResult.py, /home/mahdi/mrc_icra_ws/devel/lib/python2.7/dist-packages/iiwa_msgs/msg/_MoveAlongSplineActionResult.py)
Linked: (/home/mahdi/mrc_icra_ws/devel/.private/iiwa_msgs/lib/python2.7/dist-packages/iiwa_msgs/msg/_CartesianEulerPose.py, /home/mahdi/mrc_icra_ws/devel/lib/python2.7/dist-packages/iiwa_msgs/msg/_CartesianEulerPose.py)
Linked: (/home/mahdi/mrc_icra_ws/devel/.private/iiwa_msgs/lib/python2.7/dist-packages/iiwa_msgs/msg/_MoveToCartesianPoseAction.py, /home/mahdi/mrc_icra_ws/devel/lib/python2.7/dist-packages/iiwa_msgs/msg/_MoveToCartesianPoseAction.py)
Linked: (/home/mahdi/mrc_icra_ws/devel/.private/iiwa_msgs/lib/python2.7/dist-packages/iiwa_msgs/msg/_MoveAlongSplineGoal.py, /home/mahdi/mrc_icra_ws/devel/lib/python2.7/dist-packages/iiwa_msgs/msg/_MoveAlongSplineGoal.py)
Linked: (/home/mahdi/mrc_icra_ws/devel/.private/iiwa_msgs/lib/python2.7/dist-packages/iiwa_msgs/msg/_CartesianWrench.py, /home/mahdi/mrc_icra_ws/devel/lib/python2.7/dist-packages/iiwa_msgs/msg/_CartesianWrench.py)
Linked: (/home/mahdi/mrc_icra_ws/devel/.private/iiwa_msgs/lib/python2.7/dist-packages/iiwa_msgs/msg/_MoveAlongSplineAction.py, /home/mahdi/mrc_icra_ws/devel/lib/python2.7/dist-packages/iiwa_msgs/msg/_MoveAlongSplineAction.py)
Linked: (/home/mahdi/mrc_icra_ws/devel/.private/iiwa_msgs/lib/python2.7/dist-packages/iiwa_msgs/msg/_MoveToCartesianPoseActionResult.py, /home/mahdi/mrc_icra_ws/devel/lib/python2.7/dist-packages/iiwa_msgs/msg/_MoveToCartesianPoseActionResult.py)
Linked: (/home/mahdi/mrc_icra_ws/devel/.private/iiwa_msgs/lib/python2.7/dist-packages/iiwa_msgs/msg/_CartesianImpedanceControlMode.py, /home/mahdi/mrc_icra_ws/devel/lib/python2.7/dist-packages/iiwa_msgs/msg/_CartesianImpedanceControlMode.py)
Linked: (/home/mahdi/mrc_icra_ws/devel/.private/iiwa_msgs/lib/python2.7/dist-packages/iiwa_msgs/msg/_MoveToJointPositionResult.py, /home/mahdi/mrc_icra_ws/devel/lib/python2.7/dist-packages/iiwa_msgs/msg/_MoveToJointPositionResult.py)
Linked: (/home/mahdi/mrc_icra_ws/devel/.private/iiwa_msgs/lib/python2.7/dist-packages/iiwa_msgs/msg/_MoveAlongSplineResult.py, /home/mahdi/mrc_icra_ws/devel/lib/python2.7/dist-packages/iiwa_msgs/msg/_MoveAlongSplineResult.py)
Linked: (/home/mahdi/mrc_icra_ws/devel/.private/iiwa_msgs/lib/python2.7/dist-packages/iiwa_msgs/msg/_MoveToJointPositionActionResult.py, /home/mahdi/mrc_icra_ws/devel/lib/python2.7/dist-packages/iiwa_msgs/msg/_MoveToJointPositionActionResult.py)
Linked: (/home/mahdi/mrc_icra_ws/devel/.private/iiwa_msgs/lib/python2.7/dist-packages/iiwa_msgs/msg/_JointPosition.py, /home/mahdi/mrc_icra_ws/devel/lib/python2.7/dist-packages/iiwa_msgs/msg/_JointPosition.py)
Linked: (/home/mahdi/mrc_icra_ws/devel/.private/iiwa_msgs/lib/python2.7/dist-packages/iiwa_msgs/msg/_MoveToJointPositionActionGoal.py, /home/mahdi/mrc_icra_ws/devel/lib/python2.7/dist-packages/iiwa_msgs/msg/_MoveToJointPositionActionGoal.py)
Linked: (/home/mahdi/mrc_icra_ws/devel/.private/iiwa_msgs/lib/python2.7/dist-packages/iiwa_msgs/msg/_CartesianControlModeLimits.py, /home/mahdi/mrc_icra_ws/devel/lib/python2.7/dist-packages/iiwa_msgs/msg/_CartesianControlModeLimits.py)
Linked: (/home/mahdi/mrc_icra_ws/devel/.private/iiwa_msgs/lib/python2.7/dist-packages/iiwa_msgs/msg/_Spline.py, /home/mahdi/mrc_icra_ws/devel/lib/python2.7/dist-packages/iiwa_msgs/msg/_Spline.py)
Linked: (/home/mahdi/mrc_icra_ws/devel/.private/iiwa_msgs/lib/python2.7/dist-packages/iiwa_msgs/msg/_MoveToJointPositionFeedback.py, /home/mahdi/mrc_icra_ws/devel/lib/python2.7/dist-packages/iiwa_msgs/msg/_MoveToJointPositionFeedback.py)
Linked: (/home/mahdi/mrc_icra_ws/devel/.private/iiwa_msgs/lib/python2.7/dist-packages/iiwa_msgs/msg/_MoveToCartesianPoseResult.py, /home/mahdi/mrc_icra_ws/devel/lib/python2.7/dist-packages/iiwa_msgs/msg/_MoveToCartesianPoseResult.py)
Linked: (/home/mahdi/mrc_icra_ws/devel/.private/iiwa_msgs/lib/python2.7/dist-packages/iiwa_msgs/msg/_SinePatternControlMode.py, /home/mahdi/mrc_icra_ws/devel/lib/python2.7/dist-packages/iiwa_msgs/msg/_SinePatternControlMode.py)
Linked: (/home/mahdi/mrc_icra_ws/devel/.private/iiwa_msgs/lib/python2.7/dist-packages/iiwa_msgs/msg/_MoveToCartesianPoseActionGoal.py, /home/mahdi/mrc_icra_ws/devel/lib/python2.7/dist-packages/iiwa_msgs/msg/_MoveToCartesianPoseActionGoal.py)
Linked: (/home/mahdi/mrc_icra_ws/devel/.private/iiwa_msgs/lib/python2.7/dist-packages/iiwa_msgs/msg/_JointStiffness.py, /home/mahdi/mrc_icra_ws/devel/lib/python2.7/dist-packages/iiwa_msgs/msg/_JointStiffness.py)
Linked: (/home/mahdi/mrc_icra_ws/devel/.private/iiwa_msgs/lib/python2.7/dist-packages/iiwa_msgs/msg/_CartesianPlane.py, /home/mahdi/mrc_icra_ws/devel/lib/python2.7/dist-packages/iiwa_msgs/msg/_CartesianPlane.py)
Linked: (/home/mahdi/mrc_icra_ws/devel/.private/iiwa_msgs/lib/python2.7/dist-packages/iiwa_msgs/msg/_MoveToJointPositionGoal.py, /home/mahdi/mrc_icra_ws/devel/lib/python2.7/dist-packages/iiwa_msgs/msg/_MoveToJointPositionGoal.py)
Linked: (/home/mahdi/mrc_icra_ws/devel/.private/iiwa_msgs/lib/python2.7/dist-packages/iiwa_msgs/msg/_MoveToCartesianPoseFeedback.py, /home/mahdi/mrc_icra_ws/devel/lib/python2.7/dist-packages/iiwa_msgs/msg/_MoveToCartesianPoseFeedback.py)
Linked: (/home/mahdi/mrc_icra_ws/devel/.private/iiwa_msgs/lib/python2.7/dist-packages/iiwa_msgs/msg/_MoveAlongSplineActionGoal.py, /home/mahdi/mrc_icra_ws/devel/lib/python2.7/dist-packages/iiwa_msgs/msg/_MoveAlongSplineActionGoal.py)
Linked: (/home/mahdi/mrc_icra_ws/devel/.private/iiwa_msgs/lib/python2.7/dist-packages/iiwa_msgs/msg/_MoveToCartesianPoseGoal.py, /home/mahdi/mrc_icra_ws/devel/lib/python2.7/dist-packages/iiwa_msgs/msg/_MoveToCartesianPoseGoal.py)
Linked: (/home/mahdi/mrc_icra_ws/devel/.private/iiwa_msgs/lib/python2.7/dist-packages/iiwa_msgs/msg/_JointPositionVelocity.py, /home/mahdi/mrc_icra_ws/devel/lib/python2.7/dist-packages/iiwa_msgs/msg/_JointPositionVelocity.py)
Linked: (/home/mahdi/mrc_icra_ws/devel/.private/iiwa_msgs/lib/python2.7/dist-packages/iiwa_msgs/msg/_SplineSegment.py, /home/mahdi/mrc_icra_ws/devel/lib/python2.7/dist-packages/iiwa_msgs/msg/_SplineSegment.py)
Linked: (/home/mahdi/mrc_icra_ws/devel/.private/iiwa_msgs/lib/python2.7/dist-packages/iiwa_msgs/msg/_JointQuantity.py, /home/mahdi/mrc_icra_ws/devel/lib/python2.7/dist-packages/iiwa_msgs/msg/_JointQuantity.py)
Linked: (/home/mahdi/mrc_icra_ws/devel/.private/iiwa_msgs/lib/python2.7/dist-packages/iiwa_msgs/msg/_CartesianVelocity.py, /home/mahdi/mrc_icra_ws/devel/lib/python2.7/dist-packages/iiwa_msgs/msg/_CartesianVelocity.py)
Linked: (/home/mahdi/mrc_icra_ws/devel/.private/iiwa_msgs/lib/python2.7/dist-packages/iiwa_msgs/msg/_JointTorque.py, /home/mahdi/mrc_icra_ws/devel/lib/python2.7/dist-packages/iiwa_msgs/msg/_JointTorque.py)
Linked: (/home/mahdi/mrc_icra_ws/devel/.private/iiwa_msgs/lib/python2.7/dist-packages/iiwa_msgs/msg/_RedundancyInformation.py, /home/mahdi/mrc_icra_ws/devel/lib/python2.7/dist-packages/iiwa_msgs/msg/_RedundancyInformation.py)
Linked: (/home/mahdi/mrc_icra_ws/devel/.private/iiwa_msgs/lib/python2.7/dist-packages/iiwa_msgs/msg/_DesiredForceControlMode.py, /home/mahdi/mrc_icra_ws/devel/lib/python2.7/dist-packages/iiwa_msgs/msg/_DesiredForceControlMode.py)
Linked: (/home/mahdi/mrc_icra_ws/devel/.private/iiwa_msgs/lib/python2.7/dist-packages/iiwa_msgs/msg/_MoveToJointPositionActionFeedback.py, /home/mahdi/mrc_icra_ws/devel/lib/python2.7/dist-packages/iiwa_msgs/msg/_MoveToJointPositionActionFeedback.py)
Linked: (/home/mahdi/mrc_icra_ws/devel/.private/iiwa_msgs/lib/python2.7/dist-packages/iiwa_msgs/msg/_MoveAlongSplineFeedback.py, /home/mahdi/mrc_icra_ws/devel/lib/python2.7/dist-packages/iiwa_msgs/msg/_MoveAlongSplineFeedback.py)
Linked: (/home/mahdi/mrc_icra_ws/devel/.private/iiwa_msgs/lib/python2.7/dist-packages/iiwa_msgs/msg/_ControlMode.py, /home/mahdi/mrc_icra_ws/devel/lib/python2.7/dist-packages/iiwa_msgs/msg/_ControlMode.py)
Linked: (/home/mahdi/mrc_icra_ws/devel/.private/iiwa_msgs/lib/python2.7/dist-packages/iiwa_msgs/msg/_JointDamping.py, /home/mahdi/mrc_icra_ws/devel/lib/python2.7/dist-packages/iiwa_msgs/msg/_JointDamping.py)
Linked: (/home/mahdi/mrc_icra_ws/devel/.private/iiwa_msgs/lib/python2.7/dist-packages/iiwa_msgs/msg/_MoveToCartesianPoseActionFeedback.py, /home/mahdi/mrc_icra_ws/devel/lib/python2.7/dist-packages/iiwa_msgs/msg/_MoveToCartesianPoseActionFeedback.py)
Linked: (/home/mahdi/mrc_icra_ws/devel/.private/iiwa_msgs/lib/python2.7/dist-packages/iiwa_msgs/msg/_CartesianPose.py, /home/mahdi/mrc_icra_ws/devel/lib/python2.7/dist-packages/iiwa_msgs/msg/_CartesianPose.py)
Linked: (/home/mahdi/mrc_icra_ws/devel/.private/iiwa_msgs/lib/python2.7/dist-packages/iiwa_msgs/msg/_MoveAlongSplineActionFeedback.py, /home/mahdi/mrc_icra_ws/devel/lib/python2.7/dist-packages/iiwa_msgs/msg/_MoveAlongSplineActionFeedback.py)
Linked: (/home/mahdi/mrc_icra_ws/devel/.private/iiwa_msgs/lib/python2.7/dist-packages/iiwa_msgs/msg/__init__.py, /home/mahdi/mrc_icra_ws/devel/lib/python2.7/dist-packages/iiwa_msgs/msg/__init__.py)
Linked: (/home/mahdi/mrc_icra_ws/devel/.private/iiwa_msgs/lib/pkgconfig/iiwa_msgs.pc, /home/mahdi/mrc_icra_ws/devel/lib/pkgconfig/iiwa_msgs.pc)
Linked: (/home/mahdi/mrc_icra_ws/devel/.private/iiwa_msgs/share/common-lisp/ros/iiwa_msgs/srv/_package_SetPTPJointSpeedLimits.lisp, /home/mahdi/mrc_icra_ws/devel/share/common-lisp/ros/iiwa_msgs/srv/_package_SetPTPJointSpeedLimits.lisp)
Linked: (/home/mahdi/mrc_icra_ws/devel/.private/iiwa_msgs/share/common-lisp/ros/iiwa_msgs/srv/SetPTPCartesianSpeedLimits.lisp, /home/mahdi/mrc_icra_ws/devel/share/common-lisp/ros/iiwa_msgs/srv/SetPTPCartesianSpeedLimits.lisp)
Linked: (/home/mahdi/mrc_icra_ws/devel/.private/iiwa_msgs/share/common-lisp/ros/iiwa_msgs/srv/SetSpeedOverride.lisp, /home/mahdi/mrc_icra_ws/devel/share/common-lisp/ros/iiwa_msgs/srv/SetSpeedOverride.lisp)
Linked: (/home/mahdi/mrc_icra_ws/devel/.private/iiwa_msgs/share/common-lisp/ros/iiwa_msgs/srv/_package_SetSmartServoLinSpeedLimits.lisp, /home/mahdi/mrc_icra_ws/devel/share/common-lisp/ros/iiwa_msgs/srv/_package_SetSmartServoLinSpeedLimits.lisp)
Linked: (/home/mahdi/mrc_icra_ws/devel/.private/iiwa_msgs/share/common-lisp/ros/iiwa_msgs/srv/_package.lisp, /home/mahdi/mrc_icra_ws/devel/share/common-lisp/ros/iiwa_msgs/srv/_package.lisp)
Linked: (/home/mahdi/mrc_icra_ws/devel/.private/iiwa_msgs/share/common-lisp/ros/iiwa_msgs/srv/_package_SetSmartServoJointSpeedLimits.lisp, /home/mahdi/mrc_icra_ws/devel/share/common-lisp/ros/iiwa_msgs/srv/_package_SetSmartServoJointSpeedLimits.lisp)
Linked: (/home/mahdi/mrc_icra_ws/devel/.private/iiwa_msgs/share/common-lisp/ros/iiwa_msgs/srv/_package_TimeToDestination.lisp, /home/mahdi/mrc_icra_ws/devel/share/common-lisp/ros/iiwa_msgs/srv/_package_TimeToDestination.lisp)
Linked: (/home/mahdi/mrc_icra_ws/devel/.private/iiwa_msgs/share/common-lisp/ros/iiwa_msgs/srv/SetEndpointFrame.lisp, /home/mahdi/mrc_icra_ws/devel/share/common-lisp/ros/iiwa_msgs/srv/SetEndpointFrame.lisp)
Linked: (/home/mahdi/mrc_icra_ws/devel/.private/iiwa_msgs/share/common-lisp/ros/iiwa_msgs/srv/SetSmartServoLinSpeedLimits.lisp, /home/mahdi/mrc_icra_ws/devel/share/common-lisp/ros/iiwa_msgs/srv/SetSmartServoLinSpeedLimits.lisp)
Linked: (/home/mahdi/mrc_icra_ws/devel/.private/iiwa_msgs/share/common-lisp/ros/iiwa_msgs/srv/iiwa_msgs-srv.asd, /home/mahdi/mrc_icra_ws/devel/share/common-lisp/ros/iiwa_msgs/srv/iiwa_msgs-srv.asd)
Linked: (/home/mahdi/mrc_icra_ws/devel/.private/iiwa_msgs/share/common-lisp/ros/iiwa_msgs/srv/SetPTPJointSpeedLimits.lisp, /home/mahdi/mrc_icra_ws/devel/share/common-lisp/ros/iiwa_msgs/srv/SetPTPJointSpeedLimits.lisp)
Linked: (/home/mahdi/mrc_icra_ws/devel/.private/iiwa_msgs/share/common-lisp/ros/iiwa_msgs/srv/_package_ConfigureControlMode.lisp, /home/mahdi/mrc_icra_ws/devel/share/common-lisp/ros/iiwa_msgs/srv/_package_ConfigureControlMode.lisp)
Linked: (/home/mahdi/mrc_icra_ws/devel/.private/iiwa_msgs/share/common-lisp/ros/iiwa_msgs/srv/SetWorkpiece.lisp, /home/mahdi/mrc_icra_ws/devel/share/common-lisp/ros/iiwa_msgs/srv/SetWorkpiece.lisp)
Linked: (/home/mahdi/mrc_icra_ws/devel/.private/iiwa_msgs/share/common-lisp/ros/iiwa_msgs/srv/_package_SetSpeedOverride.lisp, /home/mahdi/mrc_icra_ws/devel/share/common-lisp/ros/iiwa_msgs/srv/_package_SetSpeedOverride.lisp)
Linked: (/home/mahdi/mrc_icra_ws/devel/.private/iiwa_msgs/share/common-lisp/ros/iiwa_msgs/srv/_package_SetWorkpiece.lisp, /home/mahdi/mrc_icra_ws/devel/share/common-lisp/ros/iiwa_msgs/srv/_package_SetWorkpiece.lisp)
Linked: (/home/mahdi/mrc_icra_ws/devel/.private/iiwa_msgs/share/common-lisp/ros/iiwa_msgs/srv/TimeToDestination.lisp, /home/mahdi/mrc_icra_ws/devel/share/common-lisp/ros/iiwa_msgs/srv/TimeToDestination.lisp)
Linked: (/home/mahdi/mrc_icra_ws/devel/.private/iiwa_msgs/share/common-lisp/ros/iiwa_msgs/srv/ConfigureControlMode.lisp, /home/mahdi/mrc_icra_ws/devel/share/common-lisp/ros/iiwa_msgs/srv/ConfigureControlMode.lisp)
Linked: (/home/mahdi/mrc_icra_ws/devel/.private/iiwa_msgs/share/common-lisp/ros/iiwa_msgs/srv/_package_SetEndpointFrame.lisp, /home/mahdi/mrc_icra_ws/devel/share/common-lisp/ros/iiwa_msgs/srv/_package_SetEndpointFrame.lisp)
Linked: (/home/mahdi/mrc_icra_ws/devel/.private/iiwa_msgs/share/common-lisp/ros/iiwa_msgs/srv/_package_SetPTPCartesianSpeedLimits.lisp, /home/mahdi/mrc_icra_ws/devel/share/common-lisp/ros/iiwa_msgs/srv/_package_SetPTPCartesianSpeedLimits.lisp)
Linked: (/home/mahdi/mrc_icra_ws/devel/.private/iiwa_msgs/share/common-lisp/ros/iiwa_msgs/srv/SetSmartServoJointSpeedLimits.lisp, /home/mahdi/mrc_icra_ws/devel/share/common-lisp/ros/iiwa_msgs/srv/SetSmartServoJointSpeedLimits.lisp)
Linked: (/home/mahdi/mrc_icra_ws/devel/.private/iiwa_msgs/share/common-lisp/ros/iiwa_msgs/msg/MoveToCartesianPoseGoal.lisp, /home/mahdi/mrc_icra_ws/devel/share/common-lisp/ros/iiwa_msgs/msg/MoveToCartesianPoseGoal.lisp)
Linked: (/home/mahdi/mrc_icra_ws/devel/.private/iiwa_msgs/share/common-lisp/ros/iiwa_msgs/msg/_package_MoveToCartesianPoseActionFeedback.lisp, /home/mahdi/mrc_icra_ws/devel/share/common-lisp/ros/iiwa_msgs/msg/_package_MoveToCartesianPoseActionFeedback.lisp)
Linked: (/home/mahdi/mrc_icra_ws/devel/.private/iiwa_msgs/share/common-lisp/ros/iiwa_msgs/msg/_package_MoveToJointPositionResult.lisp, /home/mahdi/mrc_icra_ws/devel/share/common-lisp/ros/iiwa_msgs/msg/_package_MoveToJointPositionResult.lisp)
Linked: (/home/mahdi/mrc_icra_ws/devel/.private/iiwa_msgs/share/common-lisp/ros/iiwa_msgs/msg/SplineSegment.lisp, /home/mahdi/mrc_icra_ws/devel/share/common-lisp/ros/iiwa_msgs/msg/SplineSegment.lisp)
Linked: (/home/mahdi/mrc_icra_ws/devel/.private/iiwa_msgs/share/common-lisp/ros/iiwa_msgs/msg/_package_MoveAlongSplineActionFeedback.lisp, /home/mahdi/mrc_icra_ws/devel/share/common-lisp/ros/iiwa_msgs/msg/_package_MoveAlongSplineActionFeedback.lisp)
Linked: (/home/mahdi/mrc_icra_ws/devel/.private/iiwa_msgs/share/common-lisp/ros/iiwa_msgs/msg/JointQuantity.lisp, /home/mahdi/mrc_icra_ws/devel/share/common-lisp/ros/iiwa_msgs/msg/JointQuantity.lisp)
Linked: (/home/mahdi/mrc_icra_ws/devel/.private/iiwa_msgs/share/common-lisp/ros/iiwa_msgs/msg/JointStiffness.lisp, /home/mahdi/mrc_icra_ws/devel/share/common-lisp/ros/iiwa_msgs/msg/JointStiffness.lisp)
Linked: (/home/mahdi/mrc_icra_ws/devel/.private/iiwa_msgs/share/common-lisp/ros/iiwa_msgs/msg/_package_MoveAlongSplineFeedback.lisp, /home/mahdi/mrc_icra_ws/devel/share/common-lisp/ros/iiwa_msgs/msg/_package_MoveAlongSplineFeedback.lisp)
Linked: (/home/mahdi/mrc_icra_ws/devel/.private/iiwa_msgs/share/common-lisp/ros/iiwa_msgs/msg/_package_MoveAlongSplineActionResult.lisp, /home/mahdi/mrc_icra_ws/devel/share/common-lisp/ros/iiwa_msgs/msg/_package_MoveAlongSplineActionResult.lisp)
Linked: (/home/mahdi/mrc_icra_ws/devel/.private/iiwa_msgs/share/common-lisp/ros/iiwa_msgs/msg/_package_MoveToJointPositionFeedback.lisp, /home/mahdi/mrc_icra_ws/devel/share/common-lisp/ros/iiwa_msgs/msg/_package_MoveToJointPositionFeedback.lisp)
Linked: (/home/mahdi/mrc_icra_ws/devel/.private/iiwa_msgs/share/common-lisp/ros/iiwa_msgs/msg/CartesianEulerPose.lisp, /home/mahdi/mrc_icra_ws/devel/share/common-lisp/ros/iiwa_msgs/msg/CartesianEulerPose.lisp)
Linked: (/home/mahdi/mrc_icra_ws/devel/.private/iiwa_msgs/share/common-lisp/ros/iiwa_msgs/msg/JointPositionVelocity.lisp, /home/mahdi/mrc_icra_ws/devel/share/common-lisp/ros/iiwa_msgs/msg/JointPositionVelocity.lisp)
Linked: (/home/mahdi/mrc_icra_ws/devel/.private/iiwa_msgs/share/common-lisp/ros/iiwa_msgs/msg/MoveToJointPositionAction.lisp, /home/mahdi/mrc_icra_ws/devel/share/common-lisp/ros/iiwa_msgs/msg/MoveToJointPositionAction.lisp)
Linked: (/home/mahdi/mrc_icra_ws/devel/.private/iiwa_msgs/share/common-lisp/ros/iiwa_msgs/msg/_package_MoveToCartesianPoseAction.lisp, /home/mahdi/mrc_icra_ws/devel/share/common-lisp/ros/iiwa_msgs/msg/_package_MoveToCartesianPoseAction.lisp)
Linked: (/home/mahdi/mrc_icra_ws/devel/.private/iiwa_msgs/share/common-lisp/ros/iiwa_msgs/msg/_package.lisp, /home/mahdi/mrc_icra_ws/devel/share/common-lisp/ros/iiwa_msgs/msg/_package.lisp)
Linked: (/home/mahdi/mrc_icra_ws/devel/.private/iiwa_msgs/share/common-lisp/ros/iiwa_msgs/msg/JointImpedanceControlMode.lisp, /home/mahdi/mrc_icra_ws/devel/share/common-lisp/ros/iiwa_msgs/msg/JointImpedanceControlMode.lisp)
Linked: (/home/mahdi/mrc_icra_ws/devel/.private/iiwa_msgs/share/common-lisp/ros/iiwa_msgs/msg/_package_CartesianWrench.lisp, /home/mahdi/mrc_icra_ws/devel/share/common-lisp/ros/iiwa_msgs/msg/_package_CartesianWrench.lisp)
Linked: (/home/mahdi/mrc_icra_ws/devel/.private/iiwa_msgs/share/common-lisp/ros/iiwa_msgs/msg/_package_SinePatternControlMode.lisp, /home/mahdi/mrc_icra_ws/devel/share/common-lisp/ros/iiwa_msgs/msg/_package_SinePatternControlMode.lisp)
Linked: (/home/mahdi/mrc_icra_ws/devel/.private/iiwa_msgs/share/common-lisp/ros/iiwa_msgs/msg/_package_JointVelocity.lisp, /home/mahdi/mrc_icra_ws/devel/share/common-lisp/ros/iiwa_msgs/msg/_package_JointVelocity.lisp)
Linked: (/home/mahdi/mrc_icra_ws/devel/.private/iiwa_msgs/share/common-lisp/ros/iiwa_msgs/msg/MoveAlongSplineActionFeedback.lisp, /home/mahdi/mrc_icra_ws/devel/share/common-lisp/ros/iiwa_msgs/msg/MoveAlongSplineActionFeedback.lisp)
Linked: (/home/mahdi/mrc_icra_ws/devel/.private/iiwa_msgs/share/common-lisp/ros/iiwa_msgs/msg/MoveToJointPositionGoal.lisp, /home/mahdi/mrc_icra_ws/devel/share/common-lisp/ros/iiwa_msgs/msg/MoveToJointPositionGoal.lisp)
Linked: (/home/mahdi/mrc_icra_ws/devel/.private/iiwa_msgs/share/common-lisp/ros/iiwa_msgs/msg/_package_MoveToJointPositionActionFeedback.lisp, /home/mahdi/mrc_icra_ws/devel/share/common-lisp/ros/iiwa_msgs/msg/_package_MoveToJointPositionActionFeedback.lisp)
Linked: (/home/mahdi/mrc_icra_ws/devel/.private/iiwa_msgs/share/common-lisp/ros/iiwa_msgs/msg/_package_JointDamping.lisp, /home/mahdi/mrc_icra_ws/devel/share/common-lisp/ros/iiwa_msgs/msg/_package_JointDamping.lisp)
Linked: (/home/mahdi/mrc_icra_ws/devel/.private/iiwa_msgs/share/common-lisp/ros/iiwa_msgs/msg/_package_MoveAlongSplineActionGoal.lisp, /home/mahdi/mrc_icra_ws/devel/share/common-lisp/ros/iiwa_msgs/msg/_package_MoveAlongSplineActionGoal.lisp)
Linked: (/home/mahdi/mrc_icra_ws/devel/.private/iiwa_msgs/share/common-lisp/ros/iiwa_msgs/msg/_package_CartesianQuantity.lisp, /home/mahdi/mrc_icra_ws/devel/share/common-lisp/ros/iiwa_msgs/msg/_package_CartesianQuantity.lisp)
Linked: (/home/mahdi/mrc_icra_ws/devel/.private/iiwa_msgs/share/common-lisp/ros/iiwa_msgs/msg/DOF.lisp, /home/mahdi/mrc_icra_ws/devel/share/common-lisp/ros/iiwa_msgs/msg/DOF.lisp)
Linked: (/home/mahdi/mrc_icra_ws/devel/.private/iiwa_msgs/share/common-lisp/ros/iiwa_msgs/msg/_package_MoveToCartesianPoseActionResult.lisp, /home/mahdi/mrc_icra_ws/devel/share/common-lisp/ros/iiwa_msgs/msg/_package_MoveToCartesianPoseActionResult.lisp)
Linked: (/home/mahdi/mrc_icra_ws/devel/.private/iiwa_msgs/share/common-lisp/ros/iiwa_msgs/msg/iiwa_msgs-msg.asd, /home/mahdi/mrc_icra_ws/devel/share/common-lisp/ros/iiwa_msgs/msg/iiwa_msgs-msg.asd)
Linked: (/home/mahdi/mrc_icra_ws/devel/.private/iiwa_msgs/share/common-lisp/ros/iiwa_msgs/msg/MoveAlongSplineGoal.lisp, /home/mahdi/mrc_icra_ws/devel/share/common-lisp/ros/iiwa_msgs/msg/MoveAlongSplineGoal.lisp)
Linked: (/home/mahdi/mrc_icra_ws/devel/.private/iiwa_msgs/share/common-lisp/ros/iiwa_msgs/msg/CartesianWrench.lisp, /home/mahdi/mrc_icra_ws/devel/share/common-lisp/ros/iiwa_msgs/msg/CartesianWrench.lisp)
Linked: (/home/mahdi/mrc_icra_ws/devel/.private/iiwa_msgs/share/common-lisp/ros/iiwa_msgs/msg/MoveAlongSplineResult.lisp, /home/mahdi/mrc_icra_ws/devel/share/common-lisp/ros/iiwa_msgs/msg/MoveAlongSplineResult.lisp)
Linked: (/home/mahdi/mrc_icra_ws/devel/.private/iiwa_msgs/share/common-lisp/ros/iiwa_msgs/msg/_package_MoveToJointPositionActionGoal.lisp, /home/mahdi/mrc_icra_ws/devel/share/common-lisp/ros/iiwa_msgs/msg/_package_MoveToJointPositionActionGoal.lisp)
Linked: (/home/mahdi/mrc_icra_ws/devel/.private/iiwa_msgs/share/common-lisp/ros/iiwa_msgs/msg/_package_CartesianPose.lisp, /home/mahdi/mrc_icra_ws/devel/share/common-lisp/ros/iiwa_msgs/msg/_package_CartesianPose.lisp)
Linked: (/home/mahdi/mrc_icra_ws/devel/.private/iiwa_msgs/share/common-lisp/ros/iiwa_msgs/msg/_package_JointTorque.lisp, /home/mahdi/mrc_icra_ws/devel/share/common-lisp/ros/iiwa_msgs/msg/_package_JointTorque.lisp)
Linked: (/home/mahdi/mrc_icra_ws/devel/.private/iiwa_msgs/share/common-lisp/ros/iiwa_msgs/msg/_package_CartesianVelocity.lisp, /home/mahdi/mrc_icra_ws/devel/share/common-lisp/ros/iiwa_msgs/msg/_package_CartesianVelocity.lisp)
Linked: (/home/mahdi/mrc_icra_ws/devel/.private/iiwa_msgs/share/common-lisp/ros/iiwa_msgs/msg/_package_CartesianPlane.lisp, /home/mahdi/mrc_icra_ws/devel/share/common-lisp/ros/iiwa_msgs/msg/_package_CartesianPlane.lisp)
Linked: (/home/mahdi/mrc_icra_ws/devel/.private/iiwa_msgs/share/common-lisp/ros/iiwa_msgs/msg/MoveToJointPositionActionFeedback.lisp, /home/mahdi/mrc_icra_ws/devel/share/common-lisp/ros/iiwa_msgs/msg/MoveToJointPositionActionFeedback.lisp)
Linked: (/home/mahdi/mrc_icra_ws/devel/.private/iiwa_msgs/share/common-lisp/ros/iiwa_msgs/msg/_package_JointPosition.lisp, /home/mahdi/mrc_icra_ws/devel/share/common-lisp/ros/iiwa_msgs/msg/_package_JointPosition.lisp)
Linked: (/home/mahdi/mrc_icra_ws/devel/.private/iiwa_msgs/share/common-lisp/ros/iiwa_msgs/msg/_package_JointImpedanceControlMode.lisp, /home/mahdi/mrc_icra_ws/devel/share/common-lisp/ros/iiwa_msgs/msg/_package_JointImpedanceControlMode.lisp)
Linked: (/home/mahdi/mrc_icra_ws/devel/.private/iiwa_msgs/share/common-lisp/ros/iiwa_msgs/msg/CartesianImpedanceControlMode.lisp, /home/mahdi/mrc_icra_ws/devel/share/common-lisp/ros/iiwa_msgs/msg/CartesianImpedanceControlMode.lisp)
Linked: (/home/mahdi/mrc_icra_ws/devel/.private/iiwa_msgs/share/common-lisp/ros/iiwa_msgs/msg/_package_MoveToJointPositionAction.lisp, /home/mahdi/mrc_icra_ws/devel/share/common-lisp/ros/iiwa_msgs/msg/_package_MoveToJointPositionAction.lisp)
Linked: (/home/mahdi/mrc_icra_ws/devel/.private/iiwa_msgs/share/common-lisp/ros/iiwa_msgs/msg/JointVelocity.lisp, /home/mahdi/mrc_icra_ws/devel/share/common-lisp/ros/iiwa_msgs/msg/JointVelocity.lisp)
Linked: (/home/mahdi/mrc_icra_ws/devel/.private/iiwa_msgs/share/common-lisp/ros/iiwa_msgs/msg/_package_MoveAlongSplineResult.lisp, /home/mahdi/mrc_icra_ws/devel/share/common-lisp/ros/iiwa_msgs/msg/_package_MoveAlongSplineResult.lisp)
Linked: (/home/mahdi/mrc_icra_ws/devel/.private/iiwa_msgs/share/common-lisp/ros/iiwa_msgs/msg/_package_MoveToJointPositionGoal.lisp, /home/mahdi/mrc_icra_ws/devel/share/common-lisp/ros/iiwa_msgs/msg/_package_MoveToJointPositionGoal.lisp)
Linked: (/home/mahdi/mrc_icra_ws/devel/.private/iiwa_msgs/share/common-lisp/ros/iiwa_msgs/msg/_package_MoveAlongSplineAction.lisp, /home/mahdi/mrc_icra_ws/devel/share/common-lisp/ros/iiwa_msgs/msg/_package_MoveAlongSplineAction.lisp)
Linked: (/home/mahdi/mrc_icra_ws/devel/.private/iiwa_msgs/share/common-lisp/ros/iiwa_msgs/msg/_package_CartesianControlModeLimits.lisp, /home/mahdi/mrc_icra_ws/devel/share/common-lisp/ros/iiwa_msgs/msg/_package_CartesianControlModeLimits.lisp)
Linked: (/home/mahdi/mrc_icra_ws/devel/.private/iiwa_msgs/share/common-lisp/ros/iiwa_msgs/msg/_package_MoveToCartesianPoseFeedback.lisp, /home/mahdi/mrc_icra_ws/devel/share/common-lisp/ros/iiwa_msgs/msg/_package_MoveToCartesianPoseFeedback.lisp)
Linked: (/home/mahdi/mrc_icra_ws/devel/.private/iiwa_msgs/share/common-lisp/ros/iiwa_msgs/msg/_package_RedundancyInformation.lisp, /home/mahdi/mrc_icra_ws/devel/share/common-lisp/ros/iiwa_msgs/msg/_package_RedundancyInformation.lisp)
Linked: (/home/mahdi/mrc_icra_ws/devel/.private/iiwa_msgs/share/common-lisp/ros/iiwa_msgs/msg/_package_ControlMode.lisp, /home/mahdi/mrc_icra_ws/devel/share/common-lisp/ros/iiwa_msgs/msg/_package_ControlMode.lisp)
Linked: (/home/mahdi/mrc_icra_ws/devel/.private/iiwa_msgs/share/common-lisp/ros/iiwa_msgs/msg/_package_MoveToCartesianPoseActionGoal.lisp, /home/mahdi/mrc_icra_ws/devel/share/common-lisp/ros/iiwa_msgs/msg/_package_MoveToCartesianPoseActionGoal.lisp)
Linked: (/home/mahdi/mrc_icra_ws/devel/.private/iiwa_msgs/share/common-lisp/ros/iiwa_msgs/msg/_package_SplineSegment.lisp, /home/mahdi/mrc_icra_ws/devel/share/common-lisp/ros/iiwa_msgs/msg/_package_SplineSegment.lisp)
Linked: (/home/mahdi/mrc_icra_ws/devel/.private/iiwa_msgs/share/common-lisp/ros/iiwa_msgs/msg/_package_JointPositionVelocity.lisp, /home/mahdi/mrc_icra_ws/devel/share/common-lisp/ros/iiwa_msgs/msg/_package_JointPositionVelocity.lisp)
Linked: (/home/mahdi/mrc_icra_ws/devel/.private/iiwa_msgs/share/common-lisp/ros/iiwa_msgs/msg/MoveToJointPositionResult.lisp, /home/mahdi/mrc_icra_ws/devel/share/common-lisp/ros/iiwa_msgs/msg/MoveToJointPositionResult.lisp)
Linked: (/home/mahdi/mrc_icra_ws/devel/.private/iiwa_msgs/share/common-lisp/ros/iiwa_msgs/msg/MoveToCartesianPoseResult.lisp, /home/mahdi/mrc_icra_ws/devel/share/common-lisp/ros/iiwa_msgs/msg/MoveToCartesianPoseResult.lisp)
Linked: (/home/mahdi/mrc_icra_ws/devel/.private/iiwa_msgs/share/common-lisp/ros/iiwa_msgs/msg/MoveAlongSplineActionResult.lisp, /home/mahdi/mrc_icra_ws/devel/share/common-lisp/ros/iiwa_msgs/msg/MoveAlongSplineActionResult.lisp)
Linked: (/home/mahdi/mrc_icra_ws/devel/.private/iiwa_msgs/share/common-lisp/ros/iiwa_msgs/msg/_package_CartesianEulerPose.lisp, /home/mahdi/mrc_icra_ws/devel/share/common-lisp/ros/iiwa_msgs/msg/_package_CartesianEulerPose.lisp)
Linked: (/home/mahdi/mrc_icra_ws/devel/.private/iiwa_msgs/share/common-lisp/ros/iiwa_msgs/msg/CartesianPose.lisp, /home/mahdi/mrc_icra_ws/devel/share/common-lisp/ros/iiwa_msgs/msg/CartesianPose.lisp)
Linked: (/home/mahdi/mrc_icra_ws/devel/.private/iiwa_msgs/share/common-lisp/ros/iiwa_msgs/msg/_package_JointStiffness.lisp, /home/mahdi/mrc_icra_ws/devel/share/common-lisp/ros/iiwa_msgs/msg/_package_JointStiffness.lisp)
Linked: (/home/mahdi/mrc_icra_ws/devel/.private/iiwa_msgs/share/common-lisp/ros/iiwa_msgs/msg/MoveToJointPositionActionResult.lisp, /home/mahdi/mrc_icra_ws/devel/share/common-lisp/ros/iiwa_msgs/msg/MoveToJointPositionActionResult.lisp)
Linked: (/home/mahdi/mrc_icra_ws/devel/.private/iiwa_msgs/share/common-lisp/ros/iiwa_msgs/msg/MoveAlongSplineAction.lisp, /home/mahdi/mrc_icra_ws/devel/share/common-lisp/ros/iiwa_msgs/msg/MoveAlongSplineAction.lisp)
Linked: (/home/mahdi/mrc_icra_ws/devel/.private/iiwa_msgs/share/common-lisp/ros/iiwa_msgs/msg/MoveAlongSplineFeedback.lisp, /home/mahdi/mrc_icra_ws/devel/share/common-lisp/ros/iiwa_msgs/msg/MoveAlongSplineFeedback.lisp)
Linked: (/home/mahdi/mrc_icra_ws/devel/.private/iiwa_msgs/share/common-lisp/ros/iiwa_msgs/msg/MoveToCartesianPoseActionGoal.lisp, /home/mahdi/mrc_icra_ws/devel/share/common-lisp/ros/iiwa_msgs/msg/MoveToCartesianPoseActionGoal.lisp)
Linked: (/home/mahdi/mrc_icra_ws/devel/.private/iiwa_msgs/share/common-lisp/ros/iiwa_msgs/msg/Spline.lisp, /home/mahdi/mrc_icra_ws/devel/share/common-lisp/ros/iiwa_msgs/msg/Spline.lisp)
Linked: (/home/mahdi/mrc_icra_ws/devel/.private/iiwa_msgs/share/common-lisp/ros/iiwa_msgs/msg/_package_MoveAlongSplineGoal.lisp, /home/mahdi/mrc_icra_ws/devel/share/common-lisp/ros/iiwa_msgs/msg/_package_MoveAlongSplineGoal.lisp)
Linked: (/home/mahdi/mrc_icra_ws/devel/.private/iiwa_msgs/share/common-lisp/ros/iiwa_msgs/msg/ControlMode.lisp, /home/mahdi/mrc_icra_ws/devel/share/common-lisp/ros/iiwa_msgs/msg/ControlMode.lisp)
Linked: (/home/mahdi/mrc_icra_ws/devel/.private/iiwa_msgs/share/common-lisp/ros/iiwa_msgs/msg/_package_DesiredForceControlMode.lisp, /home/mahdi/mrc_icra_ws/devel/share/common-lisp/ros/iiwa_msgs/msg/_package_DesiredForceControlMode.lisp)
Linked: (/home/mahdi/mrc_icra_ws/devel/.private/iiwa_msgs/share/common-lisp/ros/iiwa_msgs/msg/MoveToCartesianPoseAction.lisp, /home/mahdi/mrc_icra_ws/devel/share/common-lisp/ros/iiwa_msgs/msg/MoveToCartesianPoseAction.lisp)
Linked: (/home/mahdi/mrc_icra_ws/devel/.private/iiwa_msgs/share/common-lisp/ros/iiwa_msgs/msg/_package_JointQuantity.lisp, /home/mahdi/mrc_icra_ws/devel/share/common-lisp/ros/iiwa_msgs/msg/_package_JointQuantity.lisp)
Linked: (/home/mahdi/mrc_icra_ws/devel/.private/iiwa_msgs/share/common-lisp/ros/iiwa_msgs/msg/SinePatternControlMode.lisp, /home/mahdi/mrc_icra_ws/devel/share/common-lisp/ros/iiwa_msgs/msg/SinePatternControlMode.lisp)
Linked: (/home/mahdi/mrc_icra_ws/devel/.private/iiwa_msgs/share/common-lisp/ros/iiwa_msgs/msg/JointDamping.lisp, /home/mahdi/mrc_icra_ws/devel/share/common-lisp/ros/iiwa_msgs/msg/JointDamping.lisp)
Linked: (/home/mahdi/mrc_icra_ws/devel/.private/iiwa_msgs/share/common-lisp/ros/iiwa_msgs/msg/MoveToCartesianPoseActionResult.lisp, /home/mahdi/mrc_icra_ws/devel/share/common-lisp/ros/iiwa_msgs/msg/MoveToCartesianPoseActionResult.lisp)
Linked: (/home/mahdi/mrc_icra_ws/devel/.private/iiwa_msgs/share/common-lisp/ros/iiwa_msgs/msg/CartesianQuantity.lisp, /home/mahdi/mrc_icra_ws/devel/share/common-lisp/ros/iiwa_msgs/msg/CartesianQuantity.lisp)
Linked: (/home/mahdi/mrc_icra_ws/devel/.private/iiwa_msgs/share/common-lisp/ros/iiwa_msgs/msg/CartesianPlane.lisp, /home/mahdi/mrc_icra_ws/devel/share/common-lisp/ros/iiwa_msgs/msg/CartesianPlane.lisp)
Linked: (/home/mahdi/mrc_icra_ws/devel/.private/iiwa_msgs/share/common-lisp/ros/iiwa_msgs/msg/JointPosition.lisp, /home/mahdi/mrc_icra_ws/devel/share/common-lisp/ros/iiwa_msgs/msg/JointPosition.lisp)
Linked: (/home/mahdi/mrc_icra_ws/devel/.private/iiwa_msgs/share/common-lisp/ros/iiwa_msgs/msg/_package_CartesianImpedanceControlMode.lisp, /home/mahdi/mrc_icra_ws/devel/share/common-lisp/ros/iiwa_msgs/msg/_package_CartesianImpedanceControlMode.lisp)
Linked: (/home/mahdi/mrc_icra_ws/devel/.private/iiwa_msgs/share/common-lisp/ros/iiwa_msgs/msg/_package_DOF.lisp, /home/mahdi/mrc_icra_ws/devel/share/common-lisp/ros/iiwa_msgs/msg/_package_DOF.lisp)
Linked: (/home/mahdi/mrc_icra_ws/devel/.private/iiwa_msgs/share/common-lisp/ros/iiwa_msgs/msg/_package_Spline.lisp, /home/mahdi/mrc_icra_ws/devel/share/common-lisp/ros/iiwa_msgs/msg/_package_Spline.lisp)
Linked: (/home/mahdi/mrc_icra_ws/devel/.private/iiwa_msgs/share/common-lisp/ros/iiwa_msgs/msg/CartesianVelocity.lisp, /home/mahdi/mrc_icra_ws/devel/share/common-lisp/ros/iiwa_msgs/msg/CartesianVelocity.lisp)
Linked: (/home/mahdi/mrc_icra_ws/devel/.private/iiwa_msgs/share/common-lisp/ros/iiwa_msgs/msg/_package_MoveToCartesianPoseResult.lisp, /home/mahdi/mrc_icra_ws/devel/share/common-lisp/ros/iiwa_msgs/msg/_package_MoveToCartesianPoseResult.lisp)
Linked: (/home/mahdi/mrc_icra_ws/devel/.private/iiwa_msgs/share/common-lisp/ros/iiwa_msgs/msg/MoveToJointPositionFeedback.lisp, /home/mahdi/mrc_icra_ws/devel/share/common-lisp/ros/iiwa_msgs/msg/MoveToJointPositionFeedback.lisp)
Linked: (/home/mahdi/mrc_icra_ws/devel/.private/iiwa_msgs/share/common-lisp/ros/iiwa_msgs/msg/_package_MoveToJointPositionActionResult.lisp, /home/mahdi/mrc_icra_ws/devel/share/common-lisp/ros/iiwa_msgs/msg/_package_MoveToJointPositionActionResult.lisp)
Linked: (/home/mahdi/mrc_icra_ws/devel/.private/iiwa_msgs/share/common-lisp/ros/iiwa_msgs/msg/MoveToCartesianPoseActionFeedback.lisp, /home/mahdi/mrc_icra_ws/devel/share/common-lisp/ros/iiwa_msgs/msg/MoveToCartesianPoseActionFeedback.lisp)
Linked: (/home/mahdi/mrc_icra_ws/devel/.private/iiwa_msgs/share/common-lisp/ros/iiwa_msgs/msg/JointTorque.lisp, /home/mahdi/mrc_icra_ws/devel/share/common-lisp/ros/iiwa_msgs/msg/JointTorque.lisp)
Linked: (/home/mahdi/mrc_icra_ws/devel/.private/iiwa_msgs/share/common-lisp/ros/iiwa_msgs/msg/MoveAlongSplineActionGoal.lisp, /home/mahdi/mrc_icra_ws/devel/share/common-lisp/ros/iiwa_msgs/msg/MoveAlongSplineActionGoal.lisp)
Linked: (/home/mahdi/mrc_icra_ws/devel/.private/iiwa_msgs/share/common-lisp/ros/iiwa_msgs/msg/MoveToJointPositionActionGoal.lisp, /home/mahdi/mrc_icra_ws/devel/share/common-lisp/ros/iiwa_msgs/msg/MoveToJointPositionActionGoal.lisp)
Linked: (/home/mahdi/mrc_icra_ws/devel/.private/iiwa_msgs/share/common-lisp/ros/iiwa_msgs/msg/CartesianControlModeLimits.lisp, /home/mahdi/mrc_icra_ws/devel/share/common-lisp/ros/iiwa_msgs/msg/CartesianControlModeLimits.lisp)
Linked: (/home/mahdi/mrc_icra_ws/devel/.private/iiwa_msgs/share/common-lisp/ros/iiwa_msgs/msg/DesiredForceControlMode.lisp, /home/mahdi/mrc_icra_ws/devel/share/common-lisp/ros/iiwa_msgs/msg/DesiredForceControlMode.lisp)
Linked: (/home/mahdi/mrc_icra_ws/devel/.private/iiwa_msgs/share/common-lisp/ros/iiwa_msgs/msg/RedundancyInformation.lisp, /home/mahdi/mrc_icra_ws/devel/share/common-lisp/ros/iiwa_msgs/msg/RedundancyInformation.lisp)
Linked: (/home/mahdi/mrc_icra_ws/devel/.private/iiwa_msgs/share/common-lisp/ros/iiwa_msgs/msg/MoveToCartesianPoseFeedback.lisp, /home/mahdi/mrc_icra_ws/devel/share/common-lisp/ros/iiwa_msgs/msg/MoveToCartesianPoseFeedback.lisp)
Linked: (/home/mahdi/mrc_icra_ws/devel/.private/iiwa_msgs/share/common-lisp/ros/iiwa_msgs/msg/_package_MoveToCartesianPoseGoal.lisp, /home/mahdi/mrc_icra_ws/devel/share/common-lisp/ros/iiwa_msgs/msg/_package_MoveToCartesianPoseGoal.lisp)
Linked: (/home/mahdi/mrc_icra_ws/devel/.private/iiwa_msgs/share/iiwa_msgs/msg/MoveToCartesianPoseAction.msg, /home/mahdi/mrc_icra_ws/devel/share/iiwa_msgs/msg/MoveToCartesianPoseAction.msg)
Linked: (/home/mahdi/mrc_icra_ws/devel/.private/iiwa_msgs/share/iiwa_msgs/msg/MoveToCartesianPoseGoal.msg, /home/mahdi/mrc_icra_ws/devel/share/iiwa_msgs/msg/MoveToCartesianPoseGoal.msg)
Linked: (/home/mahdi/mrc_icra_ws/devel/.private/iiwa_msgs/share/iiwa_msgs/msg/MoveToJointPositionGoal.msg, /home/mahdi/mrc_icra_ws/devel/share/iiwa_msgs/msg/MoveToJointPositionGoal.msg)
Linked: (/home/mahdi/mrc_icra_ws/devel/.private/iiwa_msgs/share/iiwa_msgs/msg/MoveToCartesianPoseFeedback.msg, /home/mahdi/mrc_icra_ws/devel/share/iiwa_msgs/msg/MoveToCartesianPoseFeedback.msg)
Linked: (/home/mahdi/mrc_icra_ws/devel/.private/iiwa_msgs/share/iiwa_msgs/msg/MoveAlongSplineActionGoal.msg, /home/mahdi/mrc_icra_ws/devel/share/iiwa_msgs/msg/MoveAlongSplineActionGoal.msg)
Linked: (/home/mahdi/mrc_icra_ws/devel/.private/iiwa_msgs/share/iiwa_msgs/msg/MoveAlongSplineAction.msg, /home/mahdi/mrc_icra_ws/devel/share/iiwa_msgs/msg/MoveAlongSplineAction.msg)
Linked: (/home/mahdi/mrc_icra_ws/devel/.private/iiwa_msgs/share/iiwa_msgs/msg/MoveToCartesianPoseResult.msg, /home/mahdi/mrc_icra_ws/devel/share/iiwa_msgs/msg/MoveToCartesianPoseResult.msg)
Linked: (/home/mahdi/mrc_icra_ws/devel/.private/iiwa_msgs/share/iiwa_msgs/msg/MoveToJointPositionActionFeedback.msg, /home/mahdi/mrc_icra_ws/devel/share/iiwa_msgs/msg/MoveToJointPositionActionFeedback.msg)
Linked: (/home/mahdi/mrc_icra_ws/devel/.private/iiwa_msgs/share/iiwa_msgs/msg/MoveToJointPositionActionResult.msg, /home/mahdi/mrc_icra_ws/devel/share/iiwa_msgs/msg/MoveToJointPositionActionResult.msg)
Linked: (/home/mahdi/mrc_icra_ws/devel/.private/iiwa_msgs/share/iiwa_msgs/msg/MoveToCartesianPoseActionGoal.msg, /home/mahdi/mrc_icra_ws/devel/share/iiwa_msgs/msg/MoveToCartesianPoseActionGoal.msg)
Linked: (/home/mahdi/mrc_icra_ws/devel/.private/iiwa_msgs/share/iiwa_msgs/msg/MoveToJointPositionResult.msg, /home/mahdi/mrc_icra_ws/devel/share/iiwa_msgs/msg/MoveToJointPositionResult.msg)
Linked: (/home/mahdi/mrc_icra_ws/devel/.private/iiwa_msgs/share/iiwa_msgs/msg/MoveToCartesianPoseActionFeedback.msg, /home/mahdi/mrc_icra_ws/devel/share/iiwa_msgs/msg/MoveToCartesianPoseActionFeedback.msg)
Linked: (/home/mahdi/mrc_icra_ws/devel/.private/iiwa_msgs/share/iiwa_msgs/msg/MoveAlongSplineActionFeedback.msg, /home/mahdi/mrc_icra_ws/devel/share/iiwa_msgs/msg/MoveAlongSplineActionFeedback.msg)
Linked: (/home/mahdi/mrc_icra_ws/devel/.private/iiwa_msgs/share/iiwa_msgs/msg/MoveToJointPositionFeedback.msg, /home/mahdi/mrc_icra_ws/devel/share/iiwa_msgs/msg/MoveToJointPositionFeedback.msg)
Linked: (/home/mahdi/mrc_icra_ws/devel/.private/iiwa_msgs/share/iiwa_msgs/msg/MoveToJointPositionActionGoal.msg, /home/mahdi/mrc_icra_ws/devel/share/iiwa_msgs/msg/MoveToJointPositionActionGoal.msg)
Linked: (/home/mahdi/mrc_icra_ws/devel/.private/iiwa_msgs/share/iiwa_msgs/msg/MoveAlongSplineResult.msg, /home/mahdi/mrc_icra_ws/devel/share/iiwa_msgs/msg/MoveAlongSplineResult.msg)
Linked: (/home/mahdi/mrc_icra_ws/devel/.private/iiwa_msgs/share/iiwa_msgs/msg/MoveAlongSplineFeedback.msg, /home/mahdi/mrc_icra_ws/devel/share/iiwa_msgs/msg/MoveAlongSplineFeedback.msg)
Linked: (/home/mahdi/mrc_icra_ws/devel/.private/iiwa_msgs/share/iiwa_msgs/msg/MoveAlongSplineGoal.msg, /home/mahdi/mrc_icra_ws/devel/share/iiwa_msgs/msg/MoveAlongSplineGoal.msg)
Linked: (/home/mahdi/mrc_icra_ws/devel/.private/iiwa_msgs/share/iiwa_msgs/msg/MoveAlongSplineActionResult.msg, /home/mahdi/mrc_icra_ws/devel/share/iiwa_msgs/msg/MoveAlongSplineActionResult.msg)
Linked: (/home/mahdi/mrc_icra_ws/devel/.private/iiwa_msgs/share/iiwa_msgs/msg/MoveToJointPositionAction.msg, /home/mahdi/mrc_icra_ws/devel/share/iiwa_msgs/msg/MoveToJointPositionAction.msg)
Linked: (/home/mahdi/mrc_icra_ws/devel/.private/iiwa_msgs/share/iiwa_msgs/msg/MoveToCartesianPoseActionResult.msg, /home/mahdi/mrc_icra_ws/devel/share/iiwa_msgs/msg/MoveToCartesianPoseActionResult.msg)
Linked: (/home/mahdi/mrc_icra_ws/devel/.private/iiwa_msgs/share/iiwa_msgs/cmake/iiwa_msgsConfig.cmake, /home/mahdi/mrc_icra_ws/devel/share/iiwa_msgs/cmake/iiwa_msgsConfig.cmake)
Linked: (/home/mahdi/mrc_icra_ws/devel/.private/iiwa_msgs/share/iiwa_msgs/cmake/iiwa_msgs-msg-extras.cmake, /home/mahdi/mrc_icra_ws/devel/share/iiwa_msgs/cmake/iiwa_msgs-msg-extras.cmake)
Linked: (/home/mahdi/mrc_icra_ws/devel/.private/iiwa_msgs/share/iiwa_msgs/cmake/iiwa_msgs-msg-paths.cmake, /home/mahdi/mrc_icra_ws/devel/share/iiwa_msgs/cmake/iiwa_msgs-msg-paths.cmake)
Linked: (/home/mahdi/mrc_icra_ws/devel/.private/iiwa_msgs/share/iiwa_msgs/cmake/iiwa_msgsConfig-version.cmake, /home/mahdi/mrc_icra_ws/devel/share/iiwa_msgs/cmake/iiwa_msgsConfig-version.cmake)
Linked: (/home/mahdi/mrc_icra_ws/devel/.private/iiwa_msgs/share/roseus/ros/iiwa_msgs/manifest.l, /home/mahdi/mrc_icra_ws/devel/share/roseus/ros/iiwa_msgs/manifest.l)
Linked: (/home/mahdi/mrc_icra_ws/devel/.private/iiwa_msgs/share/roseus/ros/iiwa_msgs/srv/SetSpeedOverride.l, /home/mahdi/mrc_icra_ws/devel/share/roseus/ros/iiwa_msgs/srv/SetSpeedOverride.l)
Linked: (/home/mahdi/mrc_icra_ws/devel/.private/iiwa_msgs/share/roseus/ros/iiwa_msgs/srv/SetEndpointFrame.l, /home/mahdi/mrc_icra_ws/devel/share/roseus/ros/iiwa_msgs/srv/SetEndpointFrame.l)
Linked: (/home/mahdi/mrc_icra_ws/devel/.private/iiwa_msgs/share/roseus/ros/iiwa_msgs/srv/SetSmartServoLinSpeedLimits.l, /home/mahdi/mrc_icra_ws/devel/share/roseus/ros/iiwa_msgs/srv/SetSmartServoLinSpeedLimits.l)
Linked: (/home/mahdi/mrc_icra_ws/devel/.private/iiwa_msgs/share/roseus/ros/iiwa_msgs/srv/SetWorkpiece.l, /home/mahdi/mrc_icra_ws/devel/share/roseus/ros/iiwa_msgs/srv/SetWorkpiece.l)
Linked: (/home/mahdi/mrc_icra_ws/devel/.private/iiwa_msgs/share/roseus/ros/iiwa_msgs/srv/SetPTPCartesianSpeedLimits.l, /home/mahdi/mrc_icra_ws/devel/share/roseus/ros/iiwa_msgs/srv/SetPTPCartesianSpeedLimits.l)
Linked: (/home/mahdi/mrc_icra_ws/devel/.private/iiwa_msgs/share/roseus/ros/iiwa_msgs/srv/ConfigureControlMode.l, /home/mahdi/mrc_icra_ws/devel/share/roseus/ros/iiwa_msgs/srv/ConfigureControlMode.l)
Linked: (/home/mahdi/mrc_icra_ws/devel/.private/iiwa_msgs/share/roseus/ros/iiwa_msgs/srv/TimeToDestination.l, /home/mahdi/mrc_icra_ws/devel/share/roseus/ros/iiwa_msgs/srv/TimeToDestination.l)
Linked: (/home/mahdi/mrc_icra_ws/devel/.private/iiwa_msgs/share/roseus/ros/iiwa_msgs/srv/SetSmartServoJointSpeedLimits.l, /home/mahdi/mrc_icra_ws/devel/share/roseus/ros/iiwa_msgs/srv/SetSmartServoJointSpeedLimits.l)
Linked: (/home/mahdi/mrc_icra_ws/devel/.private/iiwa_msgs/share/roseus/ros/iiwa_msgs/srv/SetPTPJointSpeedLimits.l, /home/mahdi/mrc_icra_ws/devel/share/roseus/ros/iiwa_msgs/srv/SetPTPJointSpeedLimits.l)
Linked: (/home/mahdi/mrc_icra_ws/devel/.private/iiwa_msgs/share/roseus/ros/iiwa_msgs/msg/JointPositionVelocity.l, /home/mahdi/mrc_icra_ws/devel/share/roseus/ros/iiwa_msgs/msg/JointPositionVelocity.l)
Linked: (/home/mahdi/mrc_icra_ws/devel/.private/iiwa_msgs/share/roseus/ros/iiwa_msgs/msg/MoveToCartesianPoseActionGoal.l, /home/mahdi/mrc_icra_ws/devel/share/roseus/ros/iiwa_msgs/msg/MoveToCartesianPoseActionGoal.l)
Linked: (/home/mahdi/mrc_icra_ws/devel/.private/iiwa_msgs/share/roseus/ros/iiwa_msgs/msg/MoveToCartesianPoseActionResult.l, /home/mahdi/mrc_icra_ws/devel/share/roseus/ros/iiwa_msgs/msg/MoveToCartesianPoseActionResult.l)
Linked: (/home/mahdi/mrc_icra_ws/devel/.private/iiwa_msgs/share/roseus/ros/iiwa_msgs/msg/Spline.l, /home/mahdi/mrc_icra_ws/devel/share/roseus/ros/iiwa_msgs/msg/Spline.l)
Linked: (/home/mahdi/mrc_icra_ws/devel/.private/iiwa_msgs/share/roseus/ros/iiwa_msgs/msg/MoveToCartesianPoseFeedback.l, /home/mahdi/mrc_icra_ws/devel/share/roseus/ros/iiwa_msgs/msg/MoveToCartesianPoseFeedback.l)
Linked: (/home/mahdi/mrc_icra_ws/devel/.private/iiwa_msgs/share/roseus/ros/iiwa_msgs/msg/CartesianPlane.l, /home/mahdi/mrc_icra_ws/devel/share/roseus/ros/iiwa_msgs/msg/CartesianPlane.l)
Linked: (/home/mahdi/mrc_icra_ws/devel/.private/iiwa_msgs/share/roseus/ros/iiwa_msgs/msg/JointImpedanceControlMode.l, /home/mahdi/mrc_icra_ws/devel/share/roseus/ros/iiwa_msgs/msg/JointImpedanceControlMode.l)
Linked: (/home/mahdi/mrc_icra_ws/devel/.private/iiwa_msgs/share/roseus/ros/iiwa_msgs/msg/JointStiffness.l, /home/mahdi/mrc_icra_ws/devel/share/roseus/ros/iiwa_msgs/msg/JointStiffness.l)
Linked: (/home/mahdi/mrc_icra_ws/devel/.private/iiwa_msgs/share/roseus/ros/iiwa_msgs/msg/DesiredForceControlMode.l, /home/mahdi/mrc_icra_ws/devel/share/roseus/ros/iiwa_msgs/msg/DesiredForceControlMode.l)
Linked: (/home/mahdi/mrc_icra_ws/devel/.private/iiwa_msgs/share/roseus/ros/iiwa_msgs/msg/MoveToJointPositionActionGoal.l, /home/mahdi/mrc_icra_ws/devel/share/roseus/ros/iiwa_msgs/msg/MoveToJointPositionActionGoal.l)
Linked: (/home/mahdi/mrc_icra_ws/devel/.private/iiwa_msgs/share/roseus/ros/iiwa_msgs/msg/MoveAlongSplineAction.l, /home/mahdi/mrc_icra_ws/devel/share/roseus/ros/iiwa_msgs/msg/MoveAlongSplineAction.l)
Linked: (/home/mahdi/mrc_icra_ws/devel/.private/iiwa_msgs/share/roseus/ros/iiwa_msgs/msg/MoveToJointPositionAction.l, /home/mahdi/mrc_icra_ws/devel/share/roseus/ros/iiwa_msgs/msg/MoveToJointPositionAction.l)
Linked: (/home/mahdi/mrc_icra_ws/devel/.private/iiwa_msgs/share/roseus/ros/iiwa_msgs/msg/JointQuantity.l, /home/mahdi/mrc_icra_ws/devel/share/roseus/ros/iiwa_msgs/msg/JointQuantity.l)
Linked: (/home/mahdi/mrc_icra_ws/devel/.private/iiwa_msgs/share/roseus/ros/iiwa_msgs/msg/RedundancyInformation.l, /home/mahdi/mrc_icra_ws/devel/share/roseus/ros/iiwa_msgs/msg/RedundancyInformation.l)
Linked: (/home/mahdi/mrc_icra_ws/devel/.private/iiwa_msgs/share/roseus/ros/iiwa_msgs/msg/CartesianQuantity.l, /home/mahdi/mrc_icra_ws/devel/share/roseus/ros/iiwa_msgs/msg/CartesianQuantity.l)
Linked: (/home/mahdi/mrc_icra_ws/devel/.private/iiwa_msgs/share/roseus/ros/iiwa_msgs/msg/CartesianEulerPose.l, /home/mahdi/mrc_icra_ws/devel/share/roseus/ros/iiwa_msgs/msg/CartesianEulerPose.l)
Linked: (/home/mahdi/mrc_icra_ws/devel/.private/iiwa_msgs/share/roseus/ros/iiwa_msgs/msg/JointTorque.l, /home/mahdi/mrc_icra_ws/devel/share/roseus/ros/iiwa_msgs/msg/JointTorque.l)
Linked: (/home/mahdi/mrc_icra_ws/devel/.private/iiwa_msgs/share/roseus/ros/iiwa_msgs/msg/MoveAlongSplineActionResult.l, /home/mahdi/mrc_icra_ws/devel/share/roseus/ros/iiwa_msgs/msg/MoveAlongSplineActionResult.l)
Linked: (/home/mahdi/mrc_icra_ws/devel/.private/iiwa_msgs/share/roseus/ros/iiwa_msgs/msg/ControlMode.l, /home/mahdi/mrc_icra_ws/devel/share/roseus/ros/iiwa_msgs/msg/ControlMode.l)
Linked: (/home/mahdi/mrc_icra_ws/devel/.private/iiwa_msgs/share/roseus/ros/iiwa_msgs/msg/MoveToCartesianPoseResult.l, /home/mahdi/mrc_icra_ws/devel/share/roseus/ros/iiwa_msgs/msg/MoveToCartesianPoseResult.l)
Linked: (/home/mahdi/mrc_icra_ws/devel/.private/iiwa_msgs/share/roseus/ros/iiwa_msgs/msg/MoveAlongSplineFeedback.l, /home/mahdi/mrc_icra_ws/devel/share/roseus/ros/iiwa_msgs/msg/MoveAlongSplineFeedback.l)
Linked: (/home/mahdi/mrc_icra_ws/devel/.private/iiwa_msgs/share/roseus/ros/iiwa_msgs/msg/MoveAlongSplineActionFeedback.l, /home/mahdi/mrc_icra_ws/devel/share/roseus/ros/iiwa_msgs/msg/MoveAlongSplineActionFeedback.l)
Linked: (/home/mahdi/mrc_icra_ws/devel/.private/iiwa_msgs/share/roseus/ros/iiwa_msgs/msg/MoveToJointPositionActionResult.l, /home/mahdi/mrc_icra_ws/devel/share/roseus/ros/iiwa_msgs/msg/MoveToJointPositionActionResult.l)
Linked: (/home/mahdi/mrc_icra_ws/devel/.private/iiwa_msgs/share/roseus/ros/iiwa_msgs/msg/MoveAlongSplineActionGoal.l, /home/mahdi/mrc_icra_ws/devel/share/roseus/ros/iiwa_msgs/msg/MoveAlongSplineActionGoal.l)
Linked: (/home/mahdi/mrc_icra_ws/devel/.private/iiwa_msgs/share/roseus/ros/iiwa_msgs/msg/SinePatternControlMode.l, /home/mahdi/mrc_icra_ws/devel/share/roseus/ros/iiwa_msgs/msg/SinePatternControlMode.l)
Linked: (/home/mahdi/mrc_icra_ws/devel/.private/iiwa_msgs/share/roseus/ros/iiwa_msgs/msg/MoveAlongSplineResult.l, /home/mahdi/mrc_icra_ws/devel/share/roseus/ros/iiwa_msgs/msg/MoveAlongSplineResult.l)
Linked: (/home/mahdi/mrc_icra_ws/devel/.private/iiwa_msgs/share/roseus/ros/iiwa_msgs/msg/DOF.l, /home/mahdi/mrc_icra_ws/devel/share/roseus/ros/iiwa_msgs/msg/DOF.l)
Linked: (/home/mahdi/mrc_icra_ws/devel/.private/iiwa_msgs/share/roseus/ros/iiwa_msgs/msg/MoveAlongSplineGoal.l, /home/mahdi/mrc_icra_ws/devel/share/roseus/ros/iiwa_msgs/msg/MoveAlongSplineGoal.l)
Linked: (/home/mahdi/mrc_icra_ws/devel/.private/iiwa_msgs/share/roseus/ros/iiwa_msgs/msg/MoveToCartesianPoseAction.l, /home/mahdi/mrc_icra_ws/devel/share/roseus/ros/iiwa_msgs/msg/MoveToCartesianPoseAction.l)
Linked: (/home/mahdi/mrc_icra_ws/devel/.private/iiwa_msgs/share/roseus/ros/iiwa_msgs/msg/JointDamping.l, /home/mahdi/mrc_icra_ws/devel/share/roseus/ros/iiwa_msgs/msg/JointDamping.l)
Linked: (/home/mahdi/mrc_icra_ws/devel/.private/iiwa_msgs/share/roseus/ros/iiwa_msgs/msg/MoveToJointPositionResult.l, /home/mahdi/mrc_icra_ws/devel/share/roseus/ros/iiwa_msgs/msg/MoveToJointPositionResult.l)
Linked: (/home/mahdi/mrc_icra_ws/devel/.private/iiwa_msgs/share/roseus/ros/iiwa_msgs/msg/JointPosition.l, /home/mahdi/mrc_icra_ws/devel/share/roseus/ros/iiwa_msgs/msg/JointPosition.l)
Linked: (/home/mahdi/mrc_icra_ws/devel/.private/iiwa_msgs/share/roseus/ros/iiwa_msgs/msg/CartesianImpedanceControlMode.l, /home/mahdi/mrc_icra_ws/devel/share/roseus/ros/iiwa_msgs/msg/CartesianImpedanceControlMode.l)
Linked: (/home/mahdi/mrc_icra_ws/devel/.private/iiwa_msgs/share/roseus/ros/iiwa_msgs/msg/MoveToJointPositionActionFeedback.l, /home/mahdi/mrc_icra_ws/devel/share/roseus/ros/iiwa_msgs/msg/MoveToJointPositionActionFeedback.l)
Linked: (/home/mahdi/mrc_icra_ws/devel/.private/iiwa_msgs/share/roseus/ros/iiwa_msgs/msg/CartesianPose.l, /home/mahdi/mrc_icra_ws/devel/share/roseus/ros/iiwa_msgs/msg/CartesianPose.l)
Linked: (/home/mahdi/mrc_icra_ws/devel/.private/iiwa_msgs/share/roseus/ros/iiwa_msgs/msg/MoveToCartesianPoseGoal.l, /home/mahdi/mrc_icra_ws/devel/share/roseus/ros/iiwa_msgs/msg/MoveToCartesianPoseGoal.l)
Linked: (/home/mahdi/mrc_icra_ws/devel/.private/iiwa_msgs/share/roseus/ros/iiwa_msgs/msg/MoveToJointPositionFeedback.l, /home/mahdi/mrc_icra_ws/devel/share/roseus/ros/iiwa_msgs/msg/MoveToJointPositionFeedback.l)
Linked: (/home/mahdi/mrc_icra_ws/devel/.private/iiwa_msgs/share/roseus/ros/iiwa_msgs/msg/MoveToJointPositionGoal.l, /home/mahdi/mrc_icra_ws/devel/share/roseus/ros/iiwa_msgs/msg/MoveToJointPositionGoal.l)
Linked: (/home/mahdi/mrc_icra_ws/devel/.private/iiwa_msgs/share/roseus/ros/iiwa_msgs/msg/MoveToCartesianPoseActionFeedback.l, /home/mahdi/mrc_icra_ws/devel/share/roseus/ros/iiwa_msgs/msg/MoveToCartesianPoseActionFeedback.l)
Linked: (/home/mahdi/mrc_icra_ws/devel/.private/iiwa_msgs/share/roseus/ros/iiwa_msgs/msg/SplineSegment.l, /home/mahdi/mrc_icra_ws/devel/share/roseus/ros/iiwa_msgs/msg/SplineSegment.l)
Linked: (/home/mahdi/mrc_icra_ws/devel/.private/iiwa_msgs/share/roseus/ros/iiwa_msgs/msg/CartesianWrench.l, /home/mahdi/mrc_icra_ws/devel/share/roseus/ros/iiwa_msgs/msg/CartesianWrench.l)
Linked: (/home/mahdi/mrc_icra_ws/devel/.private/iiwa_msgs/share/roseus/ros/iiwa_msgs/msg/CartesianControlModeLimits.l, /home/mahdi/mrc_icra_ws/devel/share/roseus/ros/iiwa_msgs/msg/CartesianControlModeLimits.l)
Linked: (/home/mahdi/mrc_icra_ws/devel/.private/iiwa_msgs/share/roseus/ros/iiwa_msgs/msg/CartesianVelocity.l, /home/mahdi/mrc_icra_ws/devel/share/roseus/ros/iiwa_msgs/msg/CartesianVelocity.l)
Linked: (/home/mahdi/mrc_icra_ws/devel/.private/iiwa_msgs/share/roseus/ros/iiwa_msgs/msg/JointVelocity.l, /home/mahdi/mrc_icra_ws/devel/share/roseus/ros/iiwa_msgs/msg/JointVelocity.l)
Linked: (/home/mahdi/mrc_icra_ws/devel/.private/iiwa_msgs/share/gennodejs/ros/iiwa_msgs/_index.js, /home/mahdi/mrc_icra_ws/devel/share/gennodejs/ros/iiwa_msgs/_index.js)
Linked: (/home/mahdi/mrc_icra_ws/devel/.private/iiwa_msgs/share/gennodejs/ros/iiwa_msgs/srv/SetPTPCartesianSpeedLimits.js, /home/mahdi/mrc_icra_ws/devel/share/gennodejs/ros/iiwa_msgs/srv/SetPTPCartesianSpeedLimits.js)
Linked: (/home/mahdi/mrc_icra_ws/devel/.private/iiwa_msgs/share/gennodejs/ros/iiwa_msgs/srv/SetSmartServoJointSpeedLimits.js, /home/mahdi/mrc_icra_ws/devel/share/gennodejs/ros/iiwa_msgs/srv/SetSmartServoJointSpeedLimits.js)
Linked: (/home/mahdi/mrc_icra_ws/devel/.private/iiwa_msgs/share/gennodejs/ros/iiwa_msgs/srv/ConfigureControlMode.js, /home/mahdi/mrc_icra_ws/devel/share/gennodejs/ros/iiwa_msgs/srv/ConfigureControlMode.js)
Linked: (/home/mahdi/mrc_icra_ws/devel/.private/iiwa_msgs/share/gennodejs/ros/iiwa_msgs/srv/SetPTPJointSpeedLimits.js, /home/mahdi/mrc_icra_ws/devel/share/gennodejs/ros/iiwa_msgs/srv/SetPTPJointSpeedLimits.js)
Linked: (/home/mahdi/mrc_icra_ws/devel/.private/iiwa_msgs/share/gennodejs/ros/iiwa_msgs/srv/SetEndpointFrame.js, /home/mahdi/mrc_icra_ws/devel/share/gennodejs/ros/iiwa_msgs/srv/SetEndpointFrame.js)
Linked: (/home/mahdi/mrc_icra_ws/devel/.private/iiwa_msgs/share/gennodejs/ros/iiwa_msgs/srv/TimeToDestination.js, /home/mahdi/mrc_icra_ws/devel/share/gennodejs/ros/iiwa_msgs/srv/TimeToDestination.js)
Linked: (/home/mahdi/mrc_icra_ws/devel/.private/iiwa_msgs/share/gennodejs/ros/iiwa_msgs/srv/SetWorkpiece.js, /home/mahdi/mrc_icra_ws/devel/share/gennodejs/ros/iiwa_msgs/srv/SetWorkpiece.js)
Linked: (/home/mahdi/mrc_icra_ws/devel/.private/iiwa_msgs/share/gennodejs/ros/iiwa_msgs/srv/SetSmartServoLinSpeedLimits.js, /home/mahdi/mrc_icra_ws/devel/share/gennodejs/ros/iiwa_msgs/srv/SetSmartServoLinSpeedLimits.js)
Linked: (/home/mahdi/mrc_icra_ws/devel/.private/iiwa_msgs/share/gennodejs/ros/iiwa_msgs/srv/SetSpeedOverride.js, /home/mahdi/mrc_icra_ws/devel/share/gennodejs/ros/iiwa_msgs/srv/SetSpeedOverride.js)
Linked: (/home/mahdi/mrc_icra_ws/devel/.private/iiwa_msgs/share/gennodejs/ros/iiwa_msgs/srv/_index.js, /home/mahdi/mrc_icra_ws/devel/share/gennodejs/ros/iiwa_msgs/srv/_index.js)
Linked: (/home/mahdi/mrc_icra_ws/devel/.private/iiwa_msgs/share/gennodejs/ros/iiwa_msgs/msg/DesiredForceControlMode.js, /home/mahdi/mrc_icra_ws/devel/share/gennodejs/ros/iiwa_msgs/msg/DesiredForceControlMode.js)
Linked: (/home/mahdi/mrc_icra_ws/devel/.private/iiwa_msgs/share/gennodejs/ros/iiwa_msgs/msg/CartesianPose.js, /home/mahdi/mrc_icra_ws/devel/share/gennodejs/ros/iiwa_msgs/msg/CartesianPose.js)
Linked: (/home/mahdi/mrc_icra_ws/devel/.private/iiwa_msgs/share/gennodejs/ros/iiwa_msgs/msg/JointVelocity.js, /home/mahdi/mrc_icra_ws/devel/share/gennodejs/ros/iiwa_msgs/msg/JointVelocity.js)
Linked: (/home/mahdi/mrc_icra_ws/devel/.private/iiwa_msgs/share/gennodejs/ros/iiwa_msgs/msg/MoveToCartesianPoseGoal.js, /home/mahdi/mrc_icra_ws/devel/share/gennodejs/ros/iiwa_msgs/msg/MoveToCartesianPoseGoal.js)
Linked: (/home/mahdi/mrc_icra_ws/devel/.private/iiwa_msgs/share/gennodejs/ros/iiwa_msgs/msg/JointTorque.js, /home/mahdi/mrc_icra_ws/devel/share/gennodejs/ros/iiwa_msgs/msg/JointTorque.js)
Linked: (/home/mahdi/mrc_icra_ws/devel/.private/iiwa_msgs/share/gennodejs/ros/iiwa_msgs/msg/MoveToCartesianPoseResult.js, /home/mahdi/mrc_icra_ws/devel/share/gennodejs/ros/iiwa_msgs/msg/MoveToCartesianPoseResult.js)
Linked: (/home/mahdi/mrc_icra_ws/devel/.private/iiwa_msgs/share/gennodejs/ros/iiwa_msgs/msg/CartesianPlane.js, /home/mahdi/mrc_icra_ws/devel/share/gennodejs/ros/iiwa_msgs/msg/CartesianPlane.js)
Linked: (/home/mahdi/mrc_icra_ws/devel/.private/iiwa_msgs/share/gennodejs/ros/iiwa_msgs/msg/DOF.js, /home/mahdi/mrc_icra_ws/devel/share/gennodejs/ros/iiwa_msgs/msg/DOF.js)
Linked: (/home/mahdi/mrc_icra_ws/devel/.private/iiwa_msgs/share/gennodejs/ros/iiwa_msgs/msg/MoveToJointPositionFeedback.js, /home/mahdi/mrc_icra_ws/devel/share/gennodejs/ros/iiwa_msgs/msg/MoveToJointPositionFeedback.js)
Linked: (/home/mahdi/mrc_icra_ws/devel/.private/iiwa_msgs/share/gennodejs/ros/iiwa_msgs/msg/JointDamping.js, /home/mahdi/mrc_icra_ws/devel/share/gennodejs/ros/iiwa_msgs/msg/JointDamping.js)
Linked: (/home/mahdi/mrc_icra_ws/devel/.private/iiwa_msgs/share/gennodejs/ros/iiwa_msgs/msg/CartesianImpedanceControlMode.js, /home/mahdi/mrc_icra_ws/devel/share/gennodejs/ros/iiwa_msgs/msg/CartesianImpedanceControlMode.js)
Linked: (/home/mahdi/mrc_icra_ws/devel/.private/iiwa_msgs/share/gennodejs/ros/iiwa_msgs/msg/MoveToJointPositionAction.js, /home/mahdi/mrc_icra_ws/devel/share/gennodejs/ros/iiwa_msgs/msg/MoveToJointPositionAction.js)
Linked: (/home/mahdi/mrc_icra_ws/devel/.private/iiwa_msgs/share/gennodejs/ros/iiwa_msgs/msg/MoveAlongSplineGoal.js, /home/mahdi/mrc_icra_ws/devel/share/gennodejs/ros/iiwa_msgs/msg/MoveAlongSplineGoal.js)
Linked: (/home/mahdi/mrc_icra_ws/devel/.private/iiwa_msgs/share/gennodejs/ros/iiwa_msgs/msg/SinePatternControlMode.js, /home/mahdi/mrc_icra_ws/devel/share/gennodejs/ros/iiwa_msgs/msg/SinePatternControlMode.js)
Linked: (/home/mahdi/mrc_icra_ws/devel/.private/iiwa_msgs/share/gennodejs/ros/iiwa_msgs/msg/JointStiffness.js, /home/mahdi/mrc_icra_ws/devel/share/gennodejs/ros/iiwa_msgs/msg/JointStiffness.js)
Linked: (/home/mahdi/mrc_icra_ws/devel/.private/iiwa_msgs/share/gennodejs/ros/iiwa_msgs/msg/MoveToJointPositionActionGoal.js, /home/mahdi/mrc_icra_ws/devel/share/gennodejs/ros/iiwa_msgs/msg/MoveToJointPositionActionGoal.js)
Linked: (/home/mahdi/mrc_icra_ws/devel/.private/iiwa_msgs/share/gennodejs/ros/iiwa_msgs/msg/JointQuantity.js, /home/mahdi/mrc_icra_ws/devel/share/gennodejs/ros/iiwa_msgs/msg/JointQuantity.js)
Linked: (/home/mahdi/mrc_icra_ws/devel/.private/iiwa_msgs/share/gennodejs/ros/iiwa_msgs/msg/CartesianQuantity.js, /home/mahdi/mrc_icra_ws/devel/share/gennodejs/ros/iiwa_msgs/msg/CartesianQuantity.js)
Linked: (/home/mahdi/mrc_icra_ws/devel/.private/iiwa_msgs/share/gennodejs/ros/iiwa_msgs/msg/MoveAlongSplineFeedback.js, /home/mahdi/mrc_icra_ws/devel/share/gennodejs/ros/iiwa_msgs/msg/MoveAlongSplineFeedback.js)
Linked: (/home/mahdi/mrc_icra_ws/devel/.private/iiwa_msgs/share/gennodejs/ros/iiwa_msgs/msg/MoveAlongSplineActionResult.js, /home/mahdi/mrc_icra_ws/devel/share/gennodejs/ros/iiwa_msgs/msg/MoveAlongSplineActionResult.js)
Linked: (/home/mahdi/mrc_icra_ws/devel/.private/iiwa_msgs/share/gennodejs/ros/iiwa_msgs/msg/MoveAlongSplineResult.js, /home/mahdi/mrc_icra_ws/devel/share/gennodejs/ros/iiwa_msgs/msg/MoveAlongSplineResult.js)
Linked: (/home/mahdi/mrc_icra_ws/devel/.private/iiwa_msgs/share/gennodejs/ros/iiwa_msgs/msg/Spline.js, /home/mahdi/mrc_icra_ws/devel/share/gennodejs/ros/iiwa_msgs/msg/Spline.js)
Linked: (/home/mahdi/mrc_icra_ws/devel/.private/iiwa_msgs/share/gennodejs/ros/iiwa_msgs/msg/CartesianControlModeLimits.js, /home/mahdi/mrc_icra_ws/devel/share/gennodejs/ros/iiwa_msgs/msg/CartesianControlModeLimits.js)
Linked: (/home/mahdi/mrc_icra_ws/devel/.private/iiwa_msgs/share/gennodejs/ros/iiwa_msgs/msg/MoveAlongSplineAction.js, /home/mahdi/mrc_icra_ws/devel/share/gennodejs/ros/iiwa_msgs/msg/MoveAlongSplineAction.js)
Linked: (/home/mahdi/mrc_icra_ws/devel/.private/iiwa_msgs/share/gennodejs/ros/iiwa_msgs/msg/RedundancyInformation.js, /home/mahdi/mrc_icra_ws/devel/share/gennodejs/ros/iiwa_msgs/msg/RedundancyInformation.js)
Linked: (/home/mahdi/mrc_icra_ws/devel/.private/iiwa_msgs/share/gennodejs/ros/iiwa_msgs/msg/MoveToJointPositionActionFeedback.js, /home/mahdi/mrc_icra_ws/devel/share/gennodejs/ros/iiwa_msgs/msg/MoveToJointPositionActionFeedback.js)
Linked: (/home/mahdi/mrc_icra_ws/devel/.private/iiwa_msgs/share/gennodejs/ros/iiwa_msgs/msg/MoveToCartesianPoseFeedback.js, /home/mahdi/mrc_icra_ws/devel/share/gennodejs/ros/iiwa_msgs/msg/MoveToCartesianPoseFeedback.js)
Linked: (/home/mahdi/mrc_icra_ws/devel/.private/iiwa_msgs/share/gennodejs/ros/iiwa_msgs/msg/MoveToCartesianPoseAction.js, /home/mahdi/mrc_icra_ws/devel/share/gennodejs/ros/iiwa_msgs/msg/MoveToCartesianPoseAction.js)
Linked: (/home/mahdi/mrc_icra_ws/devel/.private/iiwa_msgs/share/gennodejs/ros/iiwa_msgs/msg/MoveAlongSplineActionGoal.js, /home/mahdi/mrc_icra_ws/devel/share/gennodejs/ros/iiwa_msgs/msg/MoveAlongSplineActionGoal.js)
Linked: (/home/mahdi/mrc_icra_ws/devel/.private/iiwa_msgs/share/gennodejs/ros/iiwa_msgs/msg/ControlMode.js, /home/mahdi/mrc_icra_ws/devel/share/gennodejs/ros/iiwa_msgs/msg/ControlMode.js)
Linked: (/home/mahdi/mrc_icra_ws/devel/.private/iiwa_msgs/share/gennodejs/ros/iiwa_msgs/msg/MoveToCartesianPoseActionGoal.js, /home/mahdi/mrc_icra_ws/devel/share/gennodejs/ros/iiwa_msgs/msg/MoveToCartesianPoseActionGoal.js)
Linked: (/home/mahdi/mrc_icra_ws/devel/.private/iiwa_msgs/share/gennodejs/ros/iiwa_msgs/msg/CartesianVelocity.js, /home/mahdi/mrc_icra_ws/devel/share/gennodejs/ros/iiwa_msgs/msg/CartesianVelocity.js)
Linked: (/home/mahdi/mrc_icra_ws/devel/.private/iiwa_msgs/share/gennodejs/ros/iiwa_msgs/msg/MoveToJointPositionResult.js, /home/mahdi/mrc_icra_ws/devel/share/gennodejs/ros/iiwa_msgs/msg/MoveToJointPositionResult.js)
Linked: (/home/mahdi/mrc_icra_ws/devel/.private/iiwa_msgs/share/gennodejs/ros/iiwa_msgs/msg/MoveToCartesianPoseActionFeedback.js, /home/mahdi/mrc_icra_ws/devel/share/gennodejs/ros/iiwa_msgs/msg/MoveToCartesianPoseActionFeedback.js)
Linked: (/home/mahdi/mrc_icra_ws/devel/.private/iiwa_msgs/share/gennodejs/ros/iiwa_msgs/msg/SplineSegment.js, /home/mahdi/mrc_icra_ws/devel/share/gennodejs/ros/iiwa_msgs/msg/SplineSegment.js)
Linked: (/home/mahdi/mrc_icra_ws/devel/.private/iiwa_msgs/share/gennodejs/ros/iiwa_msgs/msg/MoveToJointPositionActionResult.js, /home/mahdi/mrc_icra_ws/devel/share/gennodejs/ros/iiwa_msgs/msg/MoveToJointPositionActionResult.js)
Linked: (/home/mahdi/mrc_icra_ws/devel/.private/iiwa_msgs/share/gennodejs/ros/iiwa_msgs/msg/MoveToCartesianPoseActionResult.js, /home/mahdi/mrc_icra_ws/devel/share/gennodejs/ros/iiwa_msgs/msg/MoveToCartesianPoseActionResult.js)
Linked: (/home/mahdi/mrc_icra_ws/devel/.private/iiwa_msgs/share/gennodejs/ros/iiwa_msgs/msg/CartesianWrench.js, /home/mahdi/mrc_icra_ws/devel/share/gennodejs/ros/iiwa_msgs/msg/CartesianWrench.js)
Linked: (/home/mahdi/mrc_icra_ws/devel/.private/iiwa_msgs/share/gennodejs/ros/iiwa_msgs/msg/JointImpedanceControlMode.js, /home/mahdi/mrc_icra_ws/devel/share/gennodejs/ros/iiwa_msgs/msg/JointImpedanceControlMode.js)
Linked: (/home/mahdi/mrc_icra_ws/devel/.private/iiwa_msgs/share/gennodejs/ros/iiwa_msgs/msg/JointPosition.js, /home/mahdi/mrc_icra_ws/devel/share/gennodejs/ros/iiwa_msgs/msg/JointPosition.js)
Linked: (/home/mahdi/mrc_icra_ws/devel/.private/iiwa_msgs/share/gennodejs/ros/iiwa_msgs/msg/MoveToJointPositionGoal.js, /home/mahdi/mrc_icra_ws/devel/share/gennodejs/ros/iiwa_msgs/msg/MoveToJointPositionGoal.js)
Linked: (/home/mahdi/mrc_icra_ws/devel/.private/iiwa_msgs/share/gennodejs/ros/iiwa_msgs/msg/_index.js, /home/mahdi/mrc_icra_ws/devel/share/gennodejs/ros/iiwa_msgs/msg/_index.js)
Linked: (/home/mahdi/mrc_icra_ws/devel/.private/iiwa_msgs/share/gennodejs/ros/iiwa_msgs/msg/JointPositionVelocity.js, /home/mahdi/mrc_icra_ws/devel/share/gennodejs/ros/iiwa_msgs/msg/JointPositionVelocity.js)
Linked: (/home/mahdi/mrc_icra_ws/devel/.private/iiwa_msgs/share/gennodejs/ros/iiwa_msgs/msg/CartesianEulerPose.js, /home/mahdi/mrc_icra_ws/devel/share/gennodejs/ros/iiwa_msgs/msg/CartesianEulerPose.js)
Linked: (/home/mahdi/mrc_icra_ws/devel/.private/iiwa_msgs/share/gennodejs/ros/iiwa_msgs/msg/MoveAlongSplineActionFeedback.js, /home/mahdi/mrc_icra_ws/devel/share/gennodejs/ros/iiwa_msgs/msg/MoveAlongSplineActionFeedback.js)
Linked: (/home/mahdi/mrc_icra_ws/devel/.private/iiwa_msgs/include/iiwa_msgs/MoveToCartesianPoseActionResult.h, /home/mahdi/mrc_icra_ws/devel/include/iiwa_msgs/MoveToCartesianPoseActionResult.h)
Linked: (/home/mahdi/mrc_icra_ws/devel/.private/iiwa_msgs/include/iiwa_msgs/TimeToDestinationRequest.h, /home/mahdi/mrc_icra_ws/devel/include/iiwa_msgs/TimeToDestinationRequest.h)
Linked: (/home/mahdi/mrc_icra_ws/devel/.private/iiwa_msgs/include/iiwa_msgs/SetEndpointFrameRequest.h, /home/mahdi/mrc_icra_ws/devel/include/iiwa_msgs/SetEndpointFrameRequest.h)
Linked: (/home/mahdi/mrc_icra_ws/devel/.private/iiwa_msgs/include/iiwa_msgs/CartesianWrench.h, /home/mahdi/mrc_icra_ws/devel/include/iiwa_msgs/CartesianWrench.h)
Linked: (/home/mahdi/mrc_icra_ws/devel/.private/iiwa_msgs/include/iiwa_msgs/SetSmartServoJointSpeedLimits.h, /home/mahdi/mrc_icra_ws/devel/include/iiwa_msgs/SetSmartServoJointSpeedLimits.h)
Linked: (/home/mahdi/mrc_icra_ws/devel/.private/iiwa_msgs/include/iiwa_msgs/MoveAlongSplineFeedback.h, /home/mahdi/mrc_icra_ws/devel/include/iiwa_msgs/MoveAlongSplineFeedback.h)
Linked: (/home/mahdi/mrc_icra_ws/devel/.private/iiwa_msgs/include/iiwa_msgs/SetSmartServoLinSpeedLimitsResponse.h, /home/mahdi/mrc_icra_ws/devel/include/iiwa_msgs/SetSmartServoLinSpeedLimitsResponse.h)
Linked: (/home/mahdi/mrc_icra_ws/devel/.private/iiwa_msgs/include/iiwa_msgs/RedundancyInformation.h, /home/mahdi/mrc_icra_ws/devel/include/iiwa_msgs/RedundancyInformation.h)
Linked: (/home/mahdi/mrc_icra_ws/devel/.private/iiwa_msgs/include/iiwa_msgs/CartesianControlModeLimits.h, /home/mahdi/mrc_icra_ws/devel/include/iiwa_msgs/CartesianControlModeLimits.h)
Linked: (/home/mahdi/mrc_icra_ws/devel/.private/iiwa_msgs/include/iiwa_msgs/DesiredForceControlMode.h, /home/mahdi/mrc_icra_ws/devel/include/iiwa_msgs/DesiredForceControlMode.h)
Linked: (/home/mahdi/mrc_icra_ws/devel/.private/iiwa_msgs/include/iiwa_msgs/ControlMode.h, /home/mahdi/mrc_icra_ws/devel/include/iiwa_msgs/ControlMode.h)
Linked: (/home/mahdi/mrc_icra_ws/devel/.private/iiwa_msgs/include/iiwa_msgs/SetEndpointFrame.h, /home/mahdi/mrc_icra_ws/devel/include/iiwa_msgs/SetEndpointFrame.h)
Linked: (/home/mahdi/mrc_icra_ws/devel/.private/iiwa_msgs/include/iiwa_msgs/TimeToDestinationResponse.h, /home/mahdi/mrc_icra_ws/devel/include/iiwa_msgs/TimeToDestinationResponse.h)
Linked: (/home/mahdi/mrc_icra_ws/devel/.private/iiwa_msgs/include/iiwa_msgs/TimeToDestination.h, /home/mahdi/mrc_icra_ws/devel/include/iiwa_msgs/TimeToDestination.h)
Linked: (/home/mahdi/mrc_icra_ws/devel/.private/iiwa_msgs/include/iiwa_msgs/Spline.h, /home/mahdi/mrc_icra_ws/devel/include/iiwa_msgs/Spline.h)
Linked: (/home/mahdi/mrc_icra_ws/devel/.private/iiwa_msgs/include/iiwa_msgs/JointTorque.h, /home/mahdi/mrc_icra_ws/devel/include/iiwa_msgs/JointTorque.h)
Linked: (/home/mahdi/mrc_icra_ws/devel/.private/iiwa_msgs/include/iiwa_msgs/JointVelocity.h, /home/mahdi/mrc_icra_ws/devel/include/iiwa_msgs/JointVelocity.h)
Linked: (/home/mahdi/mrc_icra_ws/devel/.private/iiwa_msgs/include/iiwa_msgs/CartesianEulerPose.h, /home/mahdi/mrc_icra_ws/devel/include/iiwa_msgs/CartesianEulerPose.h)
Linked: (/home/mahdi/mrc_icra_ws/devel/.private/iiwa_msgs/include/iiwa_msgs/CartesianPlane.h, /home/mahdi/mrc_icra_ws/devel/include/iiwa_msgs/CartesianPlane.h)
Linked: (/home/mahdi/mrc_icra_ws/devel/.private/iiwa_msgs/include/iiwa_msgs/JointStiffness.h, /home/mahdi/mrc_icra_ws/devel/include/iiwa_msgs/JointStiffness.h)
Linked: (/home/mahdi/mrc_icra_ws/devel/.private/iiwa_msgs/include/iiwa_msgs/MoveToJointPositionActionFeedback.h, /home/mahdi/mrc_icra_ws/devel/include/iiwa_msgs/MoveToJointPositionActionFeedback.h)
Linked: (/home/mahdi/mrc_icra_ws/devel/.private/iiwa_msgs/include/iiwa_msgs/JointPosition.h, /home/mahdi/mrc_icra_ws/devel/include/iiwa_msgs/JointPosition.h)
Linked: (/home/mahdi/mrc_icra_ws/devel/.private/iiwa_msgs/include/iiwa_msgs/MoveToJointPositionResult.h, /home/mahdi/mrc_icra_ws/devel/include/iiwa_msgs/MoveToJointPositionResult.h)
Linked: (/home/mahdi/mrc_icra_ws/devel/.private/iiwa_msgs/include/iiwa_msgs/DOF.h, /home/mahdi/mrc_icra_ws/devel/include/iiwa_msgs/DOF.h)
Linked: (/home/mahdi/mrc_icra_ws/devel/.private/iiwa_msgs/include/iiwa_msgs/MoveToJointPositionAction.h, /home/mahdi/mrc_icra_ws/devel/include/iiwa_msgs/MoveToJointPositionAction.h)
Linked: (/home/mahdi/mrc_icra_ws/devel/.private/iiwa_msgs/include/iiwa_msgs/SetSmartServoJointSpeedLimitsResponse.h, /home/mahdi/mrc_icra_ws/devel/include/iiwa_msgs/SetSmartServoJointSpeedLimitsResponse.h)
Linked: (/home/mahdi/mrc_icra_ws/devel/.private/iiwa_msgs/include/iiwa_msgs/SetWorkpieceRequest.h, /home/mahdi/mrc_icra_ws/devel/include/iiwa_msgs/SetWorkpieceRequest.h)
Linked: (/home/mahdi/mrc_icra_ws/devel/.private/iiwa_msgs/include/iiwa_msgs/MoveAlongSplineGoal.h, /home/mahdi/mrc_icra_ws/devel/include/iiwa_msgs/MoveAlongSplineGoal.h)
Linked: (/home/mahdi/mrc_icra_ws/devel/.private/iiwa_msgs/include/iiwa_msgs/SetPTPCartesianSpeedLimits.h, /home/mahdi/mrc_icra_ws/devel/include/iiwa_msgs/SetPTPCartesianSpeedLimits.h)
Linked: (/home/mahdi/mrc_icra_ws/devel/.private/iiwa_msgs/include/iiwa_msgs/MoveAlongSplineActionFeedback.h, /home/mahdi/mrc_icra_ws/devel/include/iiwa_msgs/MoveAlongSplineActionFeedback.h)
Linked: (/home/mahdi/mrc_icra_ws/devel/.private/iiwa_msgs/include/iiwa_msgs/SetPTPCartesianSpeedLimitsRequest.h, /home/mahdi/mrc_icra_ws/devel/include/iiwa_msgs/SetPTPCartesianSpeedLimitsRequest.h)
Linked: (/home/mahdi/mrc_icra_ws/devel/.private/iiwa_msgs/include/iiwa_msgs/SetWorkpiece.h, /home/mahdi/mrc_icra_ws/devel/include/iiwa_msgs/SetWorkpiece.h)
Linked: (/home/mahdi/mrc_icra_ws/devel/.private/iiwa_msgs/include/iiwa_msgs/SetPTPJointSpeedLimitsRequest.h, /home/mahdi/mrc_icra_ws/devel/include/iiwa_msgs/SetPTPJointSpeedLimitsRequest.h)
Linked: (/home/mahdi/mrc_icra_ws/devel/.private/iiwa_msgs/include/iiwa_msgs/SetSmartServoLinSpeedLimits.h, /home/mahdi/mrc_icra_ws/devel/include/iiwa_msgs/SetSmartServoLinSpeedLimits.h)
Linked: (/home/mahdi/mrc_icra_ws/devel/.private/iiwa_msgs/include/iiwa_msgs/MoveToJointPositionActionGoal.h, /home/mahdi/mrc_icra_ws/devel/include/iiwa_msgs/MoveToJointPositionActionGoal.h)
Linked: (/home/mahdi/mrc_icra_ws/devel/.private/iiwa_msgs/include/iiwa_msgs/SplineSegment.h, /home/mahdi/mrc_icra_ws/devel/include/iiwa_msgs/SplineSegment.h)
Linked: (/home/mahdi/mrc_icra_ws/devel/.private/iiwa_msgs/include/iiwa_msgs/SetPTPJointSpeedLimitsResponse.h, /home/mahdi/mrc_icra_ws/devel/include/iiwa_msgs/SetPTPJointSpeedLimitsResponse.h)
Linked: (/home/mahdi/mrc_icra_ws/devel/.private/iiwa_msgs/include/iiwa_msgs/CartesianQuantity.h, /home/mahdi/mrc_icra_ws/devel/include/iiwa_msgs/CartesianQuantity.h)
Linked: (/home/mahdi/mrc_icra_ws/devel/.private/iiwa_msgs/include/iiwa_msgs/MoveToCartesianPoseAction.h, /home/mahdi/mrc_icra_ws/devel/include/iiwa_msgs/MoveToCartesianPoseAction.h)
Linked: (/home/mahdi/mrc_icra_ws/devel/.private/iiwa_msgs/include/iiwa_msgs/SetWorkpieceResponse.h, /home/mahdi/mrc_icra_ws/devel/include/iiwa_msgs/SetWorkpieceResponse.h)
Linked: (/home/mahdi/mrc_icra_ws/devel/.private/iiwa_msgs/include/iiwa_msgs/SetSpeedOverrideRequest.h, /home/mahdi/mrc_icra_ws/devel/include/iiwa_msgs/SetSpeedOverrideRequest.h)
Linked: (/home/mahdi/mrc_icra_ws/devel/.private/iiwa_msgs/include/iiwa_msgs/MoveToCartesianPoseResult.h, /home/mahdi/mrc_icra_ws/devel/include/iiwa_msgs/MoveToCartesianPoseResult.h)
Linked: (/home/mahdi/mrc_icra_ws/devel/.private/iiwa_msgs/include/iiwa_msgs/MoveAlongSplineActionGoal.h, /home/mahdi/mrc_icra_ws/devel/include/iiwa_msgs/MoveAlongSplineActionGoal.h)
Linked: (/home/mahdi/mrc_icra_ws/devel/.private/iiwa_msgs/include/iiwa_msgs/MoveToJointPositionGoal.h, /home/mahdi/mrc_icra_ws/devel/include/iiwa_msgs/MoveToJointPositionGoal.h)
Linked: (/home/mahdi/mrc_icra_ws/devel/.private/iiwa_msgs/include/iiwa_msgs/JointPositionVelocity.h, /home/mahdi/mrc_icra_ws/devel/include/iiwa_msgs/JointPositionVelocity.h)
Linked: (/home/mahdi/mrc_icra_ws/devel/.private/iiwa_msgs/include/iiwa_msgs/JointImpedanceControlMode.h, /home/mahdi/mrc_icra_ws/devel/include/iiwa_msgs/JointImpedanceControlMode.h)
Linked: (/home/mahdi/mrc_icra_ws/devel/.private/iiwa_msgs/include/iiwa_msgs/SetSmartServoLinSpeedLimitsRequest.h, /home/mahdi/mrc_icra_ws/devel/include/iiwa_msgs/SetSmartServoLinSpeedLimitsRequest.h)
Linked: (/home/mahdi/mrc_icra_ws/devel/.private/iiwa_msgs/include/iiwa_msgs/SetSpeedOverrideResponse.h, /home/mahdi/mrc_icra_ws/devel/include/iiwa_msgs/SetSpeedOverrideResponse.h)
Linked: (/home/mahdi/mrc_icra_ws/devel/.private/iiwa_msgs/include/iiwa_msgs/JointQuantity.h, /home/mahdi/mrc_icra_ws/devel/include/iiwa_msgs/JointQuantity.h)
Linked: (/home/mahdi/mrc_icra_ws/devel/.private/iiwa_msgs/include/iiwa_msgs/MoveAlongSplineActionResult.h, /home/mahdi/mrc_icra_ws/devel/include/iiwa_msgs/MoveAlongSplineActionResult.h)
Linked: (/home/mahdi/mrc_icra_ws/devel/.private/iiwa_msgs/include/iiwa_msgs/SetSmartServoJointSpeedLimitsRequest.h, /home/mahdi/mrc_icra_ws/devel/include/iiwa_msgs/SetSmartServoJointSpeedLimitsRequest.h)
Linked: (/home/mahdi/mrc_icra_ws/devel/.private/iiwa_msgs/include/iiwa_msgs/MoveToCartesianPoseActionFeedback.h, /home/mahdi/mrc_icra_ws/devel/include/iiwa_msgs/MoveToCartesianPoseActionFeedback.h)
Linked: (/home/mahdi/mrc_icra_ws/devel/.private/iiwa_msgs/include/iiwa_msgs/SetPTPCartesianSpeedLimitsResponse.h, /home/mahdi/mrc_icra_ws/devel/include/iiwa_msgs/SetPTPCartesianSpeedLimitsResponse.h)
Linked: (/home/mahdi/mrc_icra_ws/devel/.private/iiwa_msgs/include/iiwa_msgs/SinePatternControlMode.h, /home/mahdi/mrc_icra_ws/devel/include/iiwa_msgs/SinePatternControlMode.h)
Linked: (/home/mahdi/mrc_icra_ws/devel/.private/iiwa_msgs/include/iiwa_msgs/MoveToJointPositionFeedback.h, /home/mahdi/mrc_icra_ws/devel/include/iiwa_msgs/MoveToJointPositionFeedback.h)
Linked: (/home/mahdi/mrc_icra_ws/devel/.private/iiwa_msgs/include/iiwa_msgs/MoveToCartesianPoseActionGoal.h, /home/mahdi/mrc_icra_ws/devel/include/iiwa_msgs/MoveToCartesianPoseActionGoal.h)
Linked: (/home/mahdi/mrc_icra_ws/devel/.private/iiwa_msgs/include/iiwa_msgs/MoveAlongSplineAction.h, /home/mahdi/mrc_icra_ws/devel/include/iiwa_msgs/MoveAlongSplineAction.h)
Linked: (/home/mahdi/mrc_icra_ws/devel/.private/iiwa_msgs/include/iiwa_msgs/SetEndpointFrameResponse.h, /home/mahdi/mrc_icra_ws/devel/include/iiwa_msgs/SetEndpointFrameResponse.h)
Linked: (/home/mahdi/mrc_icra_ws/devel/.private/iiwa_msgs/include/iiwa_msgs/CartesianVelocity.h, /home/mahdi/mrc_icra_ws/devel/include/iiwa_msgs/CartesianVelocity.h)
Linked: (/home/mahdi/mrc_icra_ws/devel/.private/iiwa_msgs/include/iiwa_msgs/ConfigureControlMode.h, /home/mahdi/mrc_icra_ws/devel/include/iiwa_msgs/ConfigureControlMode.h)
Linked: (/home/mahdi/mrc_icra_ws/devel/.private/iiwa_msgs/include/iiwa_msgs/SetPTPJointSpeedLimits.h, /home/mahdi/mrc_icra_ws/devel/include/iiwa_msgs/SetPTPJointSpeedLimits.h)
Linked: (/home/mahdi/mrc_icra_ws/devel/.private/iiwa_msgs/include/iiwa_msgs/ConfigureControlModeResponse.h, /home/mahdi/mrc_icra_ws/devel/include/iiwa_msgs/ConfigureControlModeResponse.h)
Linked: (/home/mahdi/mrc_icra_ws/devel/.private/iiwa_msgs/include/iiwa_msgs/ConfigureControlModeRequest.h, /home/mahdi/mrc_icra_ws/devel/include/iiwa_msgs/ConfigureControlModeRequest.h)
Linked: (/home/mahdi/mrc_icra_ws/devel/.private/iiwa_msgs/include/iiwa_msgs/MoveToJointPositionActionResult.h, /home/mahdi/mrc_icra_ws/devel/include/iiwa_msgs/MoveToJointPositionActionResult.h)
Linked: (/home/mahdi/mrc_icra_ws/devel/.private/iiwa_msgs/include/iiwa_msgs/MoveToCartesianPoseFeedback.h, /home/mahdi/mrc_icra_ws/devel/include/iiwa_msgs/MoveToCartesianPoseFeedback.h)
Linked: (/home/mahdi/mrc_icra_ws/devel/.private/iiwa_msgs/include/iiwa_msgs/CartesianImpedanceControlMode.h, /home/mahdi/mrc_icra_ws/devel/include/iiwa_msgs/CartesianImpedanceControlMode.h)
Linked: (/home/mahdi/mrc_icra_ws/devel/.private/iiwa_msgs/include/iiwa_msgs/MoveToCartesianPoseGoal.h, /home/mahdi/mrc_icra_ws/devel/include/iiwa_msgs/MoveToCartesianPoseGoal.h)
Linked: (/home/mahdi/mrc_icra_ws/devel/.private/iiwa_msgs/include/iiwa_msgs/JointDamping.h, /home/mahdi/mrc_icra_ws/devel/include/iiwa_msgs/JointDamping.h)
Linked: (/home/mahdi/mrc_icra_ws/devel/.private/iiwa_msgs/include/iiwa_msgs/CartesianPose.h, /home/mahdi/mrc_icra_ws/devel/include/iiwa_msgs/CartesianPose.h)
Linked: (/home/mahdi/mrc_icra_ws/devel/.private/iiwa_msgs/include/iiwa_msgs/SetSpeedOverride.h, /home/mahdi/mrc_icra_ws/devel/include/iiwa_msgs/SetSpeedOverride.h)
Linked: (/home/mahdi/mrc_icra_ws/devel/.private/iiwa_msgs/include/iiwa_msgs/MoveAlongSplineResult.h, /home/mahdi/mrc_icra_ws/devel/include/iiwa_msgs/MoveAlongSplineResult.h)
