Symlinking /home/mahdi/mrc_icra_ws/devel/lib/robotiq_2f_gripper_control/robotiq_2f_gripper_ethercat_node
Symlinking /home/mahdi/mrc_icra_ws/devel/lib/python2.7/dist-packages/robotiq_2f_gripper_control/__init__.py
Symlinking /home/mahdi/mrc_icra_ws/devel/lib/python2.7/dist-packages/robotiq_2f_gripper_control/srv/_UnityGripper.py
Symlinking /home/mahdi/mrc_icra_ws/devel/lib/python2.7/dist-packages/robotiq_2f_gripper_control/srv/__init__.py
Symlinking /home/mahdi/mrc_icra_ws/devel/lib/python2.7/dist-packages/robotiq_2f_gripper_control/msg/_Robotiq2FGripper_robot_output.py
Symlinking /home/mahdi/mrc_icra_ws/devel/lib/python2.7/dist-packages/robotiq_2f_gripper_control/msg/_Robotiq2FGripper_robot_input.py
Symlinking /home/mahdi/mrc_icra_ws/devel/lib/python2.7/dist-packages/robotiq_2f_gripper_control/msg/__init__.py
Symlinking /home/mahdi/mrc_icra_ws/devel/lib/pkgconfig/robotiq_2f_gripper_control.pc
Symlinking /home/mahdi/mrc_icra_ws/devel/share/common-lisp/ros/robotiq_2f_gripper_control/srv/robotiq_2f_gripper_control-srv.asd
Symlinking /home/mahdi/mrc_icra_ws/devel/share/common-lisp/ros/robotiq_2f_gripper_control/srv/_package.lisp
Symlinking /home/mahdi/mrc_icra_ws/devel/share/common-lisp/ros/robotiq_2f_gripper_control/srv/_package_UnityGripper.lisp
Symlinking /home/mahdi/mrc_icra_ws/devel/share/common-lisp/ros/robotiq_2f_gripper_control/srv/UnityGripper.lisp
Symlinking /home/mahdi/mrc_icra_ws/devel/share/common-lisp/ros/robotiq_2f_gripper_control/msg/_package.lisp
Symlinking /home/mahdi/mrc_icra_ws/devel/share/common-lisp/ros/robotiq_2f_gripper_control/msg/robotiq_2f_gripper_control-msg.asd
Symlinking /home/mahdi/mrc_icra_ws/devel/share/common-lisp/ros/robotiq_2f_gripper_control/msg/Robotiq2FGripper_robot_output.lisp
Symlinking /home/mahdi/mrc_icra_ws/devel/share/common-lisp/ros/robotiq_2f_gripper_control/msg/_package_Robotiq2FGripper_robot_input.lisp
Symlinking /home/mahdi/mrc_icra_ws/devel/share/common-lisp/ros/robotiq_2f_gripper_control/msg/_package_Robotiq2FGripper_robot_output.lisp
Symlinking /home/mahdi/mrc_icra_ws/devel/share/common-lisp/ros/robotiq_2f_gripper_control/msg/Robotiq2FGripper_robot_input.lisp
Symlinking /home/mahdi/mrc_icra_ws/devel/share/robotiq_2f_gripper_control/cmake/robotiq_2f_gripper_control-msg-extras.cmake
Symlinking /home/mahdi/mrc_icra_ws/devel/share/robotiq_2f_gripper_control/cmake/robotiq_2f_gripper_control-msg-paths.cmake
Symlinking /home/mahdi/mrc_icra_ws/devel/share/robotiq_2f_gripper_control/cmake/robotiq_2f_gripper_controlConfig-version.cmake
Symlinking /home/mahdi/mrc_icra_ws/devel/share/robotiq_2f_gripper_control/cmake/robotiq_2f_gripper_controlConfig.cmake
Symlinking /home/mahdi/mrc_icra_ws/devel/share/roseus/ros/robotiq_2f_gripper_control/manifest.l
Symlinking /home/mahdi/mrc_icra_ws/devel/share/roseus/ros/robotiq_2f_gripper_control/srv/UnityGripper.l
Symlinking /home/mahdi/mrc_icra_ws/devel/share/roseus/ros/robotiq_2f_gripper_control/msg/Robotiq2FGripper_robot_output.l
Symlinking /home/mahdi/mrc_icra_ws/devel/share/roseus/ros/robotiq_2f_gripper_control/msg/Robotiq2FGripper_robot_input.l
Symlinking /home/mahdi/mrc_icra_ws/devel/share/gennodejs/ros/robotiq_2f_gripper_control/_index.js
Symlinking /home/mahdi/mrc_icra_ws/devel/share/gennodejs/ros/robotiq_2f_gripper_control/srv/UnityGripper.js
Symlinking /home/mahdi/mrc_icra_ws/devel/share/gennodejs/ros/robotiq_2f_gripper_control/srv/_index.js
Symlinking /home/mahdi/mrc_icra_ws/devel/share/gennodejs/ros/robotiq_2f_gripper_control/msg/Robotiq2FGripper_robot_input.js
Symlinking /home/mahdi/mrc_icra_ws/devel/share/gennodejs/ros/robotiq_2f_gripper_control/msg/Robotiq2FGripper_robot_output.js
Symlinking /home/mahdi/mrc_icra_ws/devel/share/gennodejs/ros/robotiq_2f_gripper_control/msg/_index.js
Symlinking /home/mahdi/mrc_icra_ws/devel/include/robotiq_2f_gripper_control/UnityGripperResponse.h
Symlinking /home/mahdi/mrc_icra_ws/devel/include/robotiq_2f_gripper_control/Robotiq2FGripper_robot_input.h
Symlinking /home/mahdi/mrc_icra_ws/devel/include/robotiq_2f_gripper_control/UnityGripper.h
Symlinking /home/mahdi/mrc_icra_ws/devel/include/robotiq_2f_gripper_control/UnityGripperRequest.h
Symlinking /home/mahdi/mrc_icra_ws/devel/include/robotiq_2f_gripper_control/Robotiq2FGripper_robot_output.h
