Linked: (/home/mahdi/mrc_icra_ws/devel/.private/robotiq_2f_gripper_control/lib/robotiq_2f_gripper_control/robotiq_2f_gripper_ethercat_node, /home/mahdi/mrc_icra_ws/devel/lib/robotiq_2f_gripper_control/robotiq_2f_gripper_ethercat_node)
Linked: (/home/mahdi/mrc_icra_ws/devel/.private/robotiq_2f_gripper_control/lib/python2.7/dist-packages/robotiq_2f_gripper_control/__init__.py, /home/mahdi/mrc_icra_ws/devel/lib/python2.7/dist-packages/robotiq_2f_gripper_control/__init__.py)
Linked: (/home/mahdi/mrc_icra_ws/devel/.private/robotiq_2f_gripper_control/lib/python2.7/dist-packages/robotiq_2f_gripper_control/srv/_UnityGripper.py, /home/mahdi/mrc_icra_ws/devel/lib/python2.7/dist-packages/robotiq_2f_gripper_control/srv/_UnityGripper.py)
Linked: (/home/mahdi/mrc_icra_ws/devel/.private/robotiq_2f_gripper_control/lib/python2.7/dist-packages/robotiq_2f_gripper_control/srv/__init__.py, /home/mahdi/mrc_icra_ws/devel/lib/python2.7/dist-packages/robotiq_2f_gripper_control/srv/__init__.py)
Linked: (/home/mahdi/mrc_icra_ws/devel/.private/robotiq_2f_gripper_control/lib/python2.7/dist-packages/robotiq_2f_gripper_control/msg/_Robotiq2FGripper_robot_output.py, /home/mahdi/mrc_icra_ws/devel/lib/python2.7/dist-packages/robotiq_2f_gripper_control/msg/_Robotiq2FGripper_robot_output.py)
Linked: (/home/mahdi/mrc_icra_ws/devel/.private/robotiq_2f_gripper_control/lib/python2.7/dist-packages/robotiq_2f_gripper_control/msg/_Robotiq2FGripper_robot_input.py, /home/mahdi/mrc_icra_ws/devel/lib/python2.7/dist-packages/robotiq_2f_gripper_control/msg/_Robotiq2FGripper_robot_input.py)
Linked: (/home/mahdi/mrc_icra_ws/devel/.private/robotiq_2f_gripper_control/lib/python2.7/dist-packages/robotiq_2f_gripper_control/msg/__init__.py, /home/mahdi/mrc_icra_ws/devel/lib/python2.7/dist-packages/robotiq_2f_gripper_control/msg/__init__.py)
Linked: (/home/mahdi/mrc_icra_ws/devel/.private/robotiq_2f_gripper_control/lib/pkgconfig/robotiq_2f_gripper_control.pc, /home/mahdi/mrc_icra_ws/devel/lib/pkgconfig/robotiq_2f_gripper_control.pc)
Linked: (/home/mahdi/mrc_icra_ws/devel/.private/robotiq_2f_gripper_control/share/common-lisp/ros/robotiq_2f_gripper_control/srv/robotiq_2f_gripper_control-srv.asd, /home/mahdi/mrc_icra_ws/devel/share/common-lisp/ros/robotiq_2f_gripper_control/srv/robotiq_2f_gripper_control-srv.asd)
Linked: (/home/mahdi/mrc_icra_ws/devel/.private/robotiq_2f_gripper_control/share/common-lisp/ros/robotiq_2f_gripper_control/srv/_package.lisp, /home/mahdi/mrc_icra_ws/devel/share/common-lisp/ros/robotiq_2f_gripper_control/srv/_package.lisp)
Linked: (/home/mahdi/mrc_icra_ws/devel/.private/robotiq_2f_gripper_control/share/common-lisp/ros/robotiq_2f_gripper_control/srv/_package_UnityGripper.lisp, /home/mahdi/mrc_icra_ws/devel/share/common-lisp/ros/robotiq_2f_gripper_control/srv/_package_UnityGripper.lisp)
Linked: (/home/mahdi/mrc_icra_ws/devel/.private/robotiq_2f_gripper_control/share/common-lisp/ros/robotiq_2f_gripper_control/srv/UnityGripper.lisp, /home/mahdi/mrc_icra_ws/devel/share/common-lisp/ros/robotiq_2f_gripper_control/srv/UnityGripper.lisp)
Linked: (/home/mahdi/mrc_icra_ws/devel/.private/robotiq_2f_gripper_control/share/common-lisp/ros/robotiq_2f_gripper_control/msg/_package.lisp, /home/mahdi/mrc_icra_ws/devel/share/common-lisp/ros/robotiq_2f_gripper_control/msg/_package.lisp)
Linked: (/home/mahdi/mrc_icra_ws/devel/.private/robotiq_2f_gripper_control/share/common-lisp/ros/robotiq_2f_gripper_control/msg/robotiq_2f_gripper_control-msg.asd, /home/mahdi/mrc_icra_ws/devel/share/common-lisp/ros/robotiq_2f_gripper_control/msg/robotiq_2f_gripper_control-msg.asd)
Linked: (/home/mahdi/mrc_icra_ws/devel/.private/robotiq_2f_gripper_control/share/common-lisp/ros/robotiq_2f_gripper_control/msg/Robotiq2FGripper_robot_output.lisp, /home/mahdi/mrc_icra_ws/devel/share/common-lisp/ros/robotiq_2f_gripper_control/msg/Robotiq2FGripper_robot_output.lisp)
Linked: (/home/mahdi/mrc_icra_ws/devel/.private/robotiq_2f_gripper_control/share/common-lisp/ros/robotiq_2f_gripper_control/msg/_package_Robotiq2FGripper_robot_input.lisp, /home/mahdi/mrc_icra_ws/devel/share/common-lisp/ros/robotiq_2f_gripper_control/msg/_package_Robotiq2FGripper_robot_input.lisp)
Linked: (/home/mahdi/mrc_icra_ws/devel/.private/robotiq_2f_gripper_control/share/common-lisp/ros/robotiq_2f_gripper_control/msg/_package_Robotiq2FGripper_robot_output.lisp, /home/mahdi/mrc_icra_ws/devel/share/common-lisp/ros/robotiq_2f_gripper_control/msg/_package_Robotiq2FGripper_robot_output.lisp)
Linked: (/home/mahdi/mrc_icra_ws/devel/.private/robotiq_2f_gripper_control/share/common-lisp/ros/robotiq_2f_gripper_control/msg/Robotiq2FGripper_robot_input.lisp, /home/mahdi/mrc_icra_ws/devel/share/common-lisp/ros/robotiq_2f_gripper_control/msg/Robotiq2FGripper_robot_input.lisp)
Linked: (/home/mahdi/mrc_icra_ws/devel/.private/robotiq_2f_gripper_control/share/robotiq_2f_gripper_control/cmake/robotiq_2f_gripper_control-msg-extras.cmake, /home/mahdi/mrc_icra_ws/devel/share/robotiq_2f_gripper_control/cmake/robotiq_2f_gripper_control-msg-extras.cmake)
Linked: (/home/mahdi/mrc_icra_ws/devel/.private/robotiq_2f_gripper_control/share/robotiq_2f_gripper_control/cmake/robotiq_2f_gripper_control-msg-paths.cmake, /home/mahdi/mrc_icra_ws/devel/share/robotiq_2f_gripper_control/cmake/robotiq_2f_gripper_control-msg-paths.cmake)
Linked: (/home/mahdi/mrc_icra_ws/devel/.private/robotiq_2f_gripper_control/share/robotiq_2f_gripper_control/cmake/robotiq_2f_gripper_controlConfig-version.cmake, /home/mahdi/mrc_icra_ws/devel/share/robotiq_2f_gripper_control/cmake/robotiq_2f_gripper_controlConfig-version.cmake)
Linked: (/home/mahdi/mrc_icra_ws/devel/.private/robotiq_2f_gripper_control/share/robotiq_2f_gripper_control/cmake/robotiq_2f_gripper_controlConfig.cmake, /home/mahdi/mrc_icra_ws/devel/share/robotiq_2f_gripper_control/cmake/robotiq_2f_gripper_controlConfig.cmake)
Linked: (/home/mahdi/mrc_icra_ws/devel/.private/robotiq_2f_gripper_control/share/roseus/ros/robotiq_2f_gripper_control/manifest.l, /home/mahdi/mrc_icra_ws/devel/share/roseus/ros/robotiq_2f_gripper_control/manifest.l)
Linked: (/home/mahdi/mrc_icra_ws/devel/.private/robotiq_2f_gripper_control/share/roseus/ros/robotiq_2f_gripper_control/srv/UnityGripper.l, /home/mahdi/mrc_icra_ws/devel/share/roseus/ros/robotiq_2f_gripper_control/srv/UnityGripper.l)
Linked: (/home/mahdi/mrc_icra_ws/devel/.private/robotiq_2f_gripper_control/share/roseus/ros/robotiq_2f_gripper_control/msg/Robotiq2FGripper_robot_output.l, /home/mahdi/mrc_icra_ws/devel/share/roseus/ros/robotiq_2f_gripper_control/msg/Robotiq2FGripper_robot_output.l)
Linked: (/home/mahdi/mrc_icra_ws/devel/.private/robotiq_2f_gripper_control/share/roseus/ros/robotiq_2f_gripper_control/msg/Robotiq2FGripper_robot_input.l, /home/mahdi/mrc_icra_ws/devel/share/roseus/ros/robotiq_2f_gripper_control/msg/Robotiq2FGripper_robot_input.l)
Linked: (/home/mahdi/mrc_icra_ws/devel/.private/robotiq_2f_gripper_control/share/gennodejs/ros/robotiq_2f_gripper_control/_index.js, /home/mahdi/mrc_icra_ws/devel/share/gennodejs/ros/robotiq_2f_gripper_control/_index.js)
Linked: (/home/mahdi/mrc_icra_ws/devel/.private/robotiq_2f_gripper_control/share/gennodejs/ros/robotiq_2f_gripper_control/srv/UnityGripper.js, /home/mahdi/mrc_icra_ws/devel/share/gennodejs/ros/robotiq_2f_gripper_control/srv/UnityGripper.js)
Linked: (/home/mahdi/mrc_icra_ws/devel/.private/robotiq_2f_gripper_control/share/gennodejs/ros/robotiq_2f_gripper_control/srv/_index.js, /home/mahdi/mrc_icra_ws/devel/share/gennodejs/ros/robotiq_2f_gripper_control/srv/_index.js)
Linked: (/home/mahdi/mrc_icra_ws/devel/.private/robotiq_2f_gripper_control/share/gennodejs/ros/robotiq_2f_gripper_control/msg/Robotiq2FGripper_robot_input.js, /home/mahdi/mrc_icra_ws/devel/share/gennodejs/ros/robotiq_2f_gripper_control/msg/Robotiq2FGripper_robot_input.js)
Linked: (/home/mahdi/mrc_icra_ws/devel/.private/robotiq_2f_gripper_control/share/gennodejs/ros/robotiq_2f_gripper_control/msg/Robotiq2FGripper_robot_output.js, /home/mahdi/mrc_icra_ws/devel/share/gennodejs/ros/robotiq_2f_gripper_control/msg/Robotiq2FGripper_robot_output.js)
Linked: (/home/mahdi/mrc_icra_ws/devel/.private/robotiq_2f_gripper_control/share/gennodejs/ros/robotiq_2f_gripper_control/msg/_index.js, /home/mahdi/mrc_icra_ws/devel/share/gennodejs/ros/robotiq_2f_gripper_control/msg/_index.js)
Linked: (/home/mahdi/mrc_icra_ws/devel/.private/robotiq_2f_gripper_control/include/robotiq_2f_gripper_control/UnityGripperResponse.h, /home/mahdi/mrc_icra_ws/devel/include/robotiq_2f_gripper_control/UnityGripperResponse.h)
Linked: (/home/mahdi/mrc_icra_ws/devel/.private/robotiq_2f_gripper_control/include/robotiq_2f_gripper_control/Robotiq2FGripper_robot_input.h, /home/mahdi/mrc_icra_ws/devel/include/robotiq_2f_gripper_control/Robotiq2FGripper_robot_input.h)
Linked: (/home/mahdi/mrc_icra_ws/devel/.private/robotiq_2f_gripper_control/include/robotiq_2f_gripper_control/UnityGripper.h, /home/mahdi/mrc_icra_ws/devel/include/robotiq_2f_gripper_control/UnityGripper.h)
Linked: (/home/mahdi/mrc_icra_ws/devel/.private/robotiq_2f_gripper_control/include/robotiq_2f_gripper_control/UnityGripperRequest.h, /home/mahdi/mrc_icra_ws/devel/include/robotiq_2f_gripper_control/UnityGripperRequest.h)
Linked: (/home/mahdi/mrc_icra_ws/devel/.private/robotiq_2f_gripper_control/include/robotiq_2f_gripper_control/Robotiq2FGripper_robot_output.h, /home/mahdi/mrc_icra_ws/devel/include/robotiq_2f_gripper_control/Robotiq2FGripper_robot_output.h)
