Determining if the pthread_create exist failed with the following output:
Change Dir: /home/mahdi/mrc_icra_ws/build/iiwa_robotiq_moveit_config/CMakeFiles/CMakeTmp

Run Build Command:"/usr/bin/make" "cmTC_2208d/fast"
/usr/bin/make -f CMakeFiles/cmTC_2208d.dir/build.make CMakeFiles/cmTC_2208d.dir/build
make[1]: Entering directory '/home/mahdi/mrc_icra_ws/build/iiwa_robotiq_moveit_config/CMakeFiles/CMakeTmp'
Building C object CMakeFiles/cmTC_2208d.dir/CheckSymbolExists.c.o
/usr/bin/cc    -o CMakeFiles/cmTC_2208d.dir/CheckSymbolExists.c.o   -c /home/mahdi/mrc_icra_ws/build/iiwa_robotiq_moveit_config/CMakeFiles/CMakeTmp/CheckSymbolExists.c
Linking C executable cmTC_2208d
/usr/bin/cmake -E cmake_link_script CMakeFiles/cmTC_2208d.dir/link.txt --verbose=1
/usr/bin/cc      -rdynamic CMakeFiles/cmTC_2208d.dir/CheckSymbolExists.c.o  -o cmTC_2208d 
CMakeFiles/cmTC_2208d.dir/CheckSymbolExists.c.o: In function `main':
CheckSymbolExists.c:(.text+0x1b): undefined reference to `pthread_create'
collect2: error: ld returned 1 exit status
CMakeFiles/cmTC_2208d.dir/build.make:97: recipe for target 'cmTC_2208d' failed
make[1]: *** [cmTC_2208d] Error 1
make[1]: Leaving directory '/home/mahdi/mrc_icra_ws/build/iiwa_robotiq_moveit_config/CMakeFiles/CMakeTmp'
Makefile:126: recipe for target 'cmTC_2208d/fast' failed
make: *** [cmTC_2208d/fast] Error 2

File /home/mahdi/mrc_icra_ws/build/iiwa_robotiq_moveit_config/CMakeFiles/CMakeTmp/CheckSymbolExists.c:
/* */
#include <pthread.h>

int main(int argc, char** argv)
{
  (void)argv;
#ifndef pthread_create
  return ((int*)(&pthread_create))[argc];
#else
  (void)argc;
  return 0;
#endif
}

Determining if the function pthread_create exists in the pthreads failed with the following output:
Change Dir: /home/mahdi/mrc_icra_ws/build/iiwa_robotiq_moveit_config/CMakeFiles/CMakeTmp

Run Build Command:"/usr/bin/make" "cmTC_65ebb/fast"
/usr/bin/make -f CMakeFiles/cmTC_65ebb.dir/build.make CMakeFiles/cmTC_65ebb.dir/build
make[1]: Entering directory '/home/mahdi/mrc_icra_ws/build/iiwa_robotiq_moveit_config/CMakeFiles/CMakeTmp'
Building C object CMakeFiles/cmTC_65ebb.dir/CheckFunctionExists.c.o
/usr/bin/cc   -DCHECK_FUNCTION_EXISTS=pthread_create   -o CMakeFiles/cmTC_65ebb.dir/CheckFunctionExists.c.o   -c /usr/share/cmake-3.10/Modules/CheckFunctionExists.c
Linking C executable cmTC_65ebb
/usr/bin/cmake -E cmake_link_script CMakeFiles/cmTC_65ebb.dir/link.txt --verbose=1
/usr/bin/cc  -DCHECK_FUNCTION_EXISTS=pthread_create    -rdynamic CMakeFiles/cmTC_65ebb.dir/CheckFunctionExists.c.o  -o cmTC_65ebb -lpthreads 
/usr/bin/ld: cannot find -lpthreads
collect2: error: ld returned 1 exit status
CMakeFiles/cmTC_65ebb.dir/build.make:97: recipe for target 'cmTC_65ebb' failed
make[1]: *** [cmTC_65ebb] Error 1
make[1]: Leaving directory '/home/mahdi/mrc_icra_ws/build/iiwa_robotiq_moveit_config/CMakeFiles/CMakeTmp'
Makefile:126: recipe for target 'cmTC_65ebb/fast' failed
make: *** [cmTC_65ebb/fast] Error 2


